{"/home/travis/build/npmtest/node-npmtest-wtfnode/test.js":{"path":"/home/travis/build/npmtest/node-npmtest-wtfnode/test.js","s":{"1":2,"2":2,"3":2,"4":2,"5":2,"6":2,"7":2,"8":1,"9":2,"10":2,"11":1,"12":1,"13":1,"14":1,"15":2,"16":2,"17":2,"18":2,"19":1,"20":1,"21":2,"22":2,"23":2,"24":1,"25":1,"26":1,"27":1,"28":1,"29":1,"30":1,"31":1,"32":1,"33":1,"34":1,"35":1,"36":1,"37":1,"38":1,"39":2,"40":2,"41":1,"42":2,"43":2,"44":1,"45":2,"46":2,"47":1,"48":2,"49":2,"50":1,"51":1,"52":1,"53":1,"54":1},"b":{"1":[2,1,1,1],"2":[1,1,1,1],"3":[1,1],"4":[1,1],"5":[1,1],"6":[1,1],"7":[1,1],"8":[1,1],"9":[1,1],"10":[1,1,1],"11":[1,1],"12":[1,1],"13":[1,1],"14":[1,1],"15":[1,1],"16":[1,1],"17":[1,1]},"f":{"1":2,"2":2,"3":2,"4":2,"5":2,"6":1,"7":1,"8":1,"9":2,"10":2,"11":2,"12":2,"13":1},"fnMap":{"1":{"name":"(anonymous_1)","line":12,"loc":{"start":{"line":12,"column":1},"end":{"line":12,"column":13}}},"2":{"name":"(anonymous_2)","line":19,"loc":{"start":{"line":19,"column":5},"end":{"line":19,"column":17}}},"3":{"name":"(anonymous_3)","line":23,"loc":{"start":{"line":23,"column":24},"end":{"line":23,"column":36}}},"4":{"name":"(anonymous_4)","line":61,"loc":{"start":{"line":61,"column":5},"end":{"line":61,"column":17}}},"5":{"name":"(anonymous_5)","line":82,"loc":{"start":{"line":82,"column":5},"end":{"line":82,"column":17}}},"6":{"name":"(anonymous_6)","line":91,"loc":{"start":{"line":91,"column":77},"end":{"line":94,"column":10}}},"7":{"name":"(anonymous_7)","line":112,"loc":{"start":{"line":112,"column":83},"end":{"line":115,"column":10}},"skip":true},"8":{"name":"(anonymous_8)","line":123,"loc":{"start":{"line":123,"column":77},"end":{"line":126,"column":10}},"skip":true},"9":{"name":"(anonymous_9)","line":139,"loc":{"start":{"line":139,"column":12},"end":{"line":139,"column":40}},"skip":true},"10":{"name":"(anonymous_10)","line":147,"loc":{"start":{"line":147,"column":77},"end":{"line":150,"column":10}},"skip":true},"11":{"name":"(anonymous_11)","line":158,"loc":{"start":{"line":158,"column":83},"end":{"line":161,"column":10}},"skip":true},"12":{"name":"(anonymous_12)","line":169,"loc":{"start":{"line":169,"column":79},"end":{"line":172,"column":10}},"skip":true},"13":{"name":"(anonymous_13)","line":180,"loc":{"start":{"line":180,"column":75},"end":{"line":183,"column":10}},"skip":true}},"statementMap":{"1":{"start":{"line":12,"column":0},"end":{"line":195,"column":5}},"2":{"start":{"line":14,"column":4},"end":{"line":14,"column":14}},"3":{"start":{"line":19,"column":4},"end":{"line":56,"column":9}},"4":{"start":{"line":21,"column":8},"end":{"line":21,"column":19}},"5":{"start":{"line":23,"column":8},"end":{"line":35,"column":13}},"6":{"start":{"line":24,"column":12},"end":{"line":34,"column":13}},"7":{"start":{"line":25,"column":16},"end":{"line":28,"column":30}},"8":{"start":{"line":30,"column":16},"end":{"line":33,"column":27}},"9":{"start":{"line":37,"column":8},"end":{"line":39,"column":21}},"10":{"start":{"line":40,"column":8},"end":{"line":53,"column":9}},"11":{"start":{"line":43,"column":12},"end":{"line":46,"column":14}},"12":{"start":{"line":47,"column":12},"end":{"line":47,"column":18}},"13":{"start":{"line":50,"column":12},"end":{"line":51,"column":33}},"14":{"start":{"line":52,"column":12},"end":{"line":52,"column":18}},"15":{"start":{"line":55,"column":8},"end":{"line":55,"column":35}},"16":{"start":{"line":61,"column":4},"end":{"line":63,"column":9}},"17":{"start":{"line":62,"column":8},"end":{"line":62,"column":15}},"18":{"start":{"line":64,"column":4},"end":{"line":77,"column":5}},"19":{"start":{"line":70,"column":8},"end":{"line":70,"column":14}},"20":{"start":{"line":76,"column":8},"end":{"line":76,"column":14}},"21":{"start":{"line":82,"column":4},"end":{"line":84,"column":9}},"22":{"start":{"line":83,"column":8},"end":{"line":83,"column":15}},"23":{"start":{"line":85,"column":4},"end":{"line":194,"column":5}},"24":{"start":{"line":91,"column":8},"end":{"line":99,"column":10}},"25":{"start":{"line":98,"column":12},"end":{"line":98,"column":35}},"26":{"start":{"line":102,"column":8},"end":{"line":104,"column":63}},"27":{"start":{"line":105,"column":8},"end":{"line":105,"column":14}},"28":{"start":{"line":112,"column":8},"end":{"line":121,"column":10},"skip":true},"29":{"start":{"line":119,"column":12},"end":{"line":119,"column":55},"skip":true},"30":{"start":{"line":120,"column":12},"end":{"line":120,"column":48},"skip":true},"31":{"start":{"line":123,"column":8},"end":{"line":136,"column":10},"skip":true},"32":{"start":{"line":130,"column":12},"end":{"line":130,"column":76},"skip":true},"33":{"start":{"line":131,"column":12},"end":{"line":131,"column":73},"skip":true},"34":{"start":{"line":132,"column":12},"end":{"line":132,"column":74},"skip":true},"35":{"start":{"line":133,"column":12},"end":{"line":133,"column":79},"skip":true},"36":{"start":{"line":134,"column":12},"end":{"line":134,"column":25},"skip":true},"37":{"start":{"line":135,"column":12},"end":{"line":135,"column":45},"skip":true},"38":{"start":{"line":138,"column":8},"end":{"line":145,"column":14},"skip":true},"39":{"start":{"line":143,"column":16},"end":{"line":143,"column":29},"skip":true},"40":{"start":{"line":144,"column":16},"end":{"line":144,"column":55},"skip":true},"41":{"start":{"line":147,"column":8},"end":{"line":156,"column":10},"skip":true},"42":{"start":{"line":154,"column":12},"end":{"line":154,"column":25},"skip":true},"43":{"start":{"line":155,"column":12},"end":{"line":155,"column":45},"skip":true},"44":{"start":{"line":158,"column":8},"end":{"line":167,"column":10},"skip":true},"45":{"start":{"line":165,"column":12},"end":{"line":165,"column":25},"skip":true},"46":{"start":{"line":166,"column":12},"end":{"line":166,"column":48},"skip":true},"47":{"start":{"line":169,"column":8},"end":{"line":178,"column":10},"skip":true},"48":{"start":{"line":176,"column":12},"end":{"line":176,"column":25},"skip":true},"49":{"start":{"line":177,"column":12},"end":{"line":177,"column":46},"skip":true},"50":{"start":{"line":180,"column":8},"end":{"line":189,"column":10},"skip":true},"51":{"start":{"line":187,"column":12},"end":{"line":187,"column":94},"skip":true},"52":{"start":{"line":188,"column":12},"end":{"line":188,"column":48},"skip":true},"53":{"start":{"line":192,"column":8},"end":{"line":192,"column":35},"skip":true},"54":{"start":{"line":193,"column":8},"end":{"line":193,"column":14},"skip":true}},"branchMap":{"1":{"line":25,"type":"binary-expr","locations":[{"start":{"line":25,"column":23},"end":{"line":25,"column":62}},{"start":{"line":26,"column":20},"end":{"line":26,"column":70}},{"start":{"line":27,"column":20},"end":{"line":27,"column":71}},{"start":{"line":28,"column":20},"end":{"line":28,"column":29}}]},"2":{"line":30,"type":"binary-expr","locations":[{"start":{"line":30,"column":23},"end":{"line":30,"column":37}},{"start":{"line":31,"column":20},"end":{"line":31,"column":61}},{"start":{"line":32,"column":20},"end":{"line":32,"column":70}},{"start":{"line":33,"column":20},"end":{"line":33,"column":26}}]},"3":{"line":37,"type":"cond-expr","locations":[{"start":{"line":38,"column":14},"end":{"line":38,"column":20}},{"start":{"line":39,"column":14},"end":{"line":39,"column":20}}]},"4":{"line":40,"type":"switch","locations":[{"start":{"line":42,"column":8},"end":{"line":47,"column":18}},{"start":{"line":49,"column":8},"end":{"line":52,"column":18}}]},"5":{"line":44,"type":"binary-expr","locations":[{"start":{"line":44,"column":16},"end":{"line":44,"column":44}},{"start":{"line":44,"column":48},"end":{"line":44,"column":66}}]},"6":{"line":50,"type":"binary-expr","locations":[{"start":{"line":50,"column":21},"end":{"line":50,"column":49}},{"start":{"line":50,"column":53},"end":{"line":50,"column":72}}]},"7":{"line":64,"type":"switch","locations":[{"start":{"line":69,"column":4},"end":{"line":70,"column":14}},{"start":{"line":75,"column":4},"end":{"line":76,"column":14}}]},"8":{"line":85,"type":"switch","locations":[{"start":{"line":90,"column":4},"end":{"line":105,"column":14}},{"start":{"line":111,"column":4},"end":{"line":193,"column":14},"skip":true}]},"9":{"line":91,"type":"binary-expr","locations":[{"start":{"line":91,"column":42},"end":{"line":91,"column":73}},{"start":{"line":91,"column":77},"end":{"line":99,"column":9}}]},"10":{"line":102,"type":"binary-expr","locations":[{"start":{"line":102,"column":18},"end":{"line":102,"column":32}},{"start":{"line":103,"column":12},"end":{"line":103,"column":53}},{"start":{"line":104,"column":12},"end":{"line":104,"column":61}}]},"11":{"line":112,"type":"binary-expr","locations":[{"start":{"line":112,"column":45},"end":{"line":112,"column":79},"skip":true},{"start":{"line":112,"column":83},"end":{"line":121,"column":9},"skip":true}]},"12":{"line":123,"type":"binary-expr","locations":[{"start":{"line":123,"column":42},"end":{"line":123,"column":73},"skip":true},{"start":{"line":123,"column":77},"end":{"line":136,"column":9},"skip":true}]},"13":{"line":138,"type":"binary-expr","locations":[{"start":{"line":138,"column":48},"end":{"line":138,"column":85},"skip":true},{"start":{"line":139,"column":12},"end":{"line":145,"column":13},"skip":true}]},"14":{"line":147,"type":"binary-expr","locations":[{"start":{"line":147,"column":42},"end":{"line":147,"column":73},"skip":true},{"start":{"line":147,"column":77},"end":{"line":156,"column":9},"skip":true}]},"15":{"line":158,"type":"binary-expr","locations":[{"start":{"line":158,"column":45},"end":{"line":158,"column":79},"skip":true},{"start":{"line":158,"column":83},"end":{"line":167,"column":9},"skip":true}]},"16":{"line":169,"type":"binary-expr","locations":[{"start":{"line":169,"column":43},"end":{"line":169,"column":75},"skip":true},{"start":{"line":169,"column":79},"end":{"line":178,"column":9},"skip":true}]},"17":{"line":180,"type":"binary-expr","locations":[{"start":{"line":180,"column":41},"end":{"line":180,"column":71},"skip":true},{"start":{"line":180,"column":75},"end":{"line":189,"column":9},"skip":true}]}},"code":["/* istanbul instrument in package npmtest_wtfnode */","/*jslint","    bitwise: true,","    browser: true,","    maxerr: 8,","    maxlen: 96,","    node: true,","    nomen: true,","    regexp: true,","    stupid: true","*/","(function () {","    'use strict';","    var local;","","","","    // run shared js-env code - init-before","    (function () {","        // init local","        local = {};","        // init modeJs","        local.modeJs = (function () {","            try {","                return typeof navigator.userAgent === 'string' &&","                    typeof document.querySelector('body') === 'object' &&","                    typeof XMLHttpRequest.prototype.open === 'function' &&","                    'browser';","            } catch (errorCaughtBrowser) {","                return module.exports &&","                    typeof process.versions.node === 'string' &&","                    typeof require('http').createServer === 'function' &&","                    'node';","            }","        }());","        // init global","        local.global = local.modeJs === 'browser'","            ? window","            : global;","        switch (local.modeJs) {","        // re-init local from window.local","        case 'browser':","            local = local.global.utility2.objectSetDefault(","                local.global.utility2_rollup || local.global.local,","                local.global.utility2","            );","            break;","        // re-init local from example.js","        case 'node':","            local = (local.global.utility2_rollup || require('utility2'))","                .requireReadme();","            break;","        }","        // export local","        local.global.local = local;","    }());","","","","    // run shared js-env code - function","    (function () {","        return;","    }());","    switch (local.modeJs) {","","","","    // run browser js-env code - function","    case 'browser':","        break;","","","","    // run node js-env code - function","    case 'node':","        break;","    }","","","","    // run shared js-env code - init-after","    (function () {","        return;","    }());","    switch (local.modeJs) {","","","","    // run browser js-env code - init-after","    case 'browser':","        local.testCase_browser_nullCase = local.testCase_browser_nullCase || function (","            options,","            onError","        ) {","        /*","         * this function will test browsers's null-case handling-behavior-behavior","         */","            onError(null, options);","        };","","        // run tests","        local.nop(local.modeTest &&","            document.querySelector('#testRunButton1') &&","            document.querySelector('#testRunButton1').click());","        break;","","","","    // run node js-env code - init-after","    /* istanbul ignore next */","    case 'node':","        local.testCase_buildApidoc_default = local.testCase_buildApidoc_default || function (","            options,","            onError","        ) {","        /*","         * this function will test buildApidoc's default handling-behavior-behavior","         */","            options = { modulePathList: module.paths };","            local.buildApidoc(options, onError);","        };","","        local.testCase_buildApp_default = local.testCase_buildApp_default || function (","            options,","            onError","        ) {","        /*","         * this function will test buildApp's default handling-behavior-behavior","         */","            local.testCase_buildReadme_default(options, local.onErrorThrow);","            local.testCase_buildLib_default(options, local.onErrorThrow);","            local.testCase_buildTest_default(options, local.onErrorThrow);","            local.testCase_buildCustomOrg_default(options, local.onErrorThrow);","            options = [];","            local.buildApp(options, onError);","        };","","        local.testCase_buildCustomOrg_default = local.testCase_buildCustomOrg_default ||","            function (options, onError) {","            /*","             * this function will test buildCustomOrg's default handling-behavior","             */","                options = {};","                local.buildCustomOrg(options, onError);","            };","","        local.testCase_buildLib_default = local.testCase_buildLib_default || function (","            options,","            onError","        ) {","        /*","         * this function will test buildLib's default handling-behavior","         */","            options = {};","            local.buildLib(options, onError);","        };","","        local.testCase_buildReadme_default = local.testCase_buildReadme_default || function (","            options,","            onError","        ) {","        /*","         * this function will test buildReadme's default handling-behavior-behavior","         */","            options = {};","            local.buildReadme(options, onError);","        };","","        local.testCase_buildTest_default = local.testCase_buildTest_default || function (","            options,","            onError","        ) {","        /*","         * this function will test buildTest's default handling-behavior","         */","            options = {};","            local.buildTest(options, onError);","        };","","        local.testCase_webpage_default = local.testCase_webpage_default || function (","            options,","            onError","        ) {","        /*","         * this function will test webpage's default handling-behavior","         */","            options = { modeCoverageMerge: true, url: local.serverLocalHost + '?modeTest=1' };","            local.browserTest(options, onError);","        };","","        // run test-server","        local.testRunServer(local);","        break;","    }","}());",""],"l":{"12":2,"14":2,"19":2,"21":2,"23":2,"24":2,"25":2,"30":1,"37":2,"40":2,"43":1,"47":1,"50":1,"52":1,"55":2,"61":2,"62":2,"64":2,"70":1,"76":1,"82":2,"83":2,"85":2,"91":1,"98":1,"102":1,"105":1,"112":1,"119":1,"120":1,"123":1,"130":1,"131":1,"132":1,"133":1,"134":1,"135":1,"138":1,"143":2,"144":2,"147":1,"154":2,"155":2,"158":1,"165":2,"166":2,"169":1,"176":2,"177":2,"180":1,"187":1,"188":1,"192":1,"193":1}},"/home/travis/build/npmtest/node-npmtest-wtfnode/lib.npmtest_wtfnode.js":{"path":"/home/travis/build/npmtest/node-npmtest-wtfnode/lib.npmtest_wtfnode.js","s":{"1":2,"2":2,"3":2,"4":2,"5":2,"6":2,"7":2,"8":1,"9":2,"10":2,"11":2,"12":2,"13":1,"14":1,"15":1,"16":1},"b":{"1":[2,1,1,1],"2":[1,1,1,1],"3":[1,1],"4":[2,2],"5":[1,1]},"f":{"1":2,"2":2,"3":2},"fnMap":{"1":{"name":"(anonymous_1)","line":12,"loc":{"start":{"line":12,"column":1},"end":{"line":12,"column":13}}},"2":{"name":"(anonymous_2)","line":19,"loc":{"start":{"line":19,"column":5},"end":{"line":19,"column":17}}},"3":{"name":"(anonymous_3)","line":23,"loc":{"start":{"line":23,"column":24},"end":{"line":23,"column":36}}}},"statementMap":{"1":{"start":{"line":12,"column":0},"end":{"line":53,"column":5}},"2":{"start":{"line":14,"column":4},"end":{"line":14,"column":14}},"3":{"start":{"line":19,"column":4},"end":{"line":52,"column":9}},"4":{"start":{"line":21,"column":8},"end":{"line":21,"column":19}},"5":{"start":{"line":23,"column":8},"end":{"line":35,"column":13}},"6":{"start":{"line":24,"column":12},"end":{"line":34,"column":13}},"7":{"start":{"line":25,"column":16},"end":{"line":28,"column":30}},"8":{"start":{"line":30,"column":16},"end":{"line":33,"column":27}},"9":{"start":{"line":37,"column":8},"end":{"line":39,"column":21}},"10":{"start":{"line":41,"column":8},"end":{"line":41,"column":54}},"11":{"start":{"line":43,"column":8},"end":{"line":43,"column":52}},"12":{"start":{"line":45,"column":8},"end":{"line":51,"column":9}},"13":{"start":{"line":46,"column":12},"end":{"line":46,"column":58}},"14":{"start":{"line":48,"column":12},"end":{"line":48,"column":35}},"15":{"start":{"line":49,"column":12},"end":{"line":49,"column":49}},"16":{"start":{"line":50,"column":12},"end":{"line":50,"column":43}}},"branchMap":{"1":{"line":25,"type":"binary-expr","locations":[{"start":{"line":25,"column":23},"end":{"line":25,"column":62}},{"start":{"line":26,"column":20},"end":{"line":26,"column":70}},{"start":{"line":27,"column":20},"end":{"line":27,"column":71}},{"start":{"line":28,"column":20},"end":{"line":28,"column":29}}]},"2":{"line":30,"type":"binary-expr","locations":[{"start":{"line":30,"column":23},"end":{"line":30,"column":37}},{"start":{"line":31,"column":20},"end":{"line":31,"column":61}},{"start":{"line":32,"column":20},"end":{"line":32,"column":70}},{"start":{"line":33,"column":20},"end":{"line":33,"column":26}}]},"3":{"line":37,"type":"cond-expr","locations":[{"start":{"line":38,"column":14},"end":{"line":38,"column":20}},{"start":{"line":39,"column":14},"end":{"line":39,"column":20}}]},"4":{"line":41,"type":"binary-expr","locations":[{"start":{"line":41,"column":16},"end":{"line":41,"column":44}},{"start":{"line":41,"column":48},"end":{"line":41,"column":53}}]},"5":{"line":45,"type":"if","locations":[{"start":{"line":45,"column":8},"end":{"line":45,"column":8}},{"start":{"line":45,"column":8},"end":{"line":45,"column":8}}]}},"code":["/* istanbul instrument in package npmtest_wtfnode */","/*jslint","    bitwise: true,","    browser: true,","    maxerr: 8,","    maxlen: 96,","    node: true,","    nomen: true,","    regexp: true,","    stupid: true","*/","(function () {","    'use strict';","    var local;","","","","    // run shared js-env code - init-before","    (function () {","        // init local","        local = {};","        // init modeJs","        local.modeJs = (function () {","            try {","                return typeof navigator.userAgent === 'string' &&","                    typeof document.querySelector('body') === 'object' &&","                    typeof XMLHttpRequest.prototype.open === 'function' &&","                    'browser';","            } catch (errorCaughtBrowser) {","                return module.exports &&","                    typeof process.versions.node === 'string' &&","                    typeof require('http').createServer === 'function' &&","                    'node';","            }","        }());","        // init global","        local.global = local.modeJs === 'browser'","            ? window","            : global;","        // init utility2_rollup","        local = local.global.utility2_rollup || local;","        // init lib","        local.local = local.npmtest_wtfnode = local;","        // init exports","        if (local.modeJs === 'browser') {","            local.global.utility2_npmtest_wtfnode = local;","        } else {","            module.exports = local;","            module.exports.__dirname = __dirname;","            module.exports.module = module;","        }","    }());","}());",""],"l":{"12":2,"14":2,"19":2,"21":2,"23":2,"24":2,"25":2,"30":1,"37":2,"41":2,"43":2,"45":2,"46":1,"48":1,"49":1,"50":1}},"/home/travis/build/npmtest/node-npmtest-wtfnode/example.js":{"path":"/home/travis/build/npmtest/node-npmtest-wtfnode/example.js","s":{"1":2,"2":2,"3":2,"4":2,"5":2,"6":2,"7":2,"8":1,"9":2,"10":2,"11":2,"12":2,"13":1,"14":2,"15":2,"16":2,"17":2,"18":2,"19":0,"20":2,"21":1,"22":1,"23":1,"24":1,"25":1,"26":0,"27":0,"28":1,"29":1,"30":2,"31":0,"32":0,"33":0,"34":1,"35":2,"36":2,"37":3,"38":3,"39":3,"40":3,"41":0,"42":3,"43":3,"44":3,"45":1,"46":3,"47":1,"48":1,"49":1,"50":1,"51":1,"52":1,"53":1,"54":1,"55":1,"56":1,"57":0,"58":1,"59":6,"60":6,"61":1,"62":2,"63":0,"64":2,"65":1,"66":1,"67":0,"68":0,"69":0,"70":0,"71":0,"72":0,"73":0,"74":0,"75":0,"76":0,"77":0,"78":0,"79":0,"80":0,"81":0,"82":0,"83":0},"b":{"1":[2,1,1,1],"2":[1,1,1,1],"3":[1,1],"4":[2,2],"5":[1,1],"6":[1,1],"7":[2,0],"8":[2,1,1,1,1,1],"9":[0,2,0],"10":[1,1],"11":[2,1,1],"12":[1,0],"13":[0,2],"14":[2,0,0,0,0,0,0],"15":[0,3],"16":[3,0],"17":[1,1],"18":[0,1],"19":[1,2,0,2],"20":[1,0],"21":[1,1],"22":[0,0],"23":[0,0],"24":[0,0],"25":[0,0],"26":[0,0],"27":[0,0],"28":[0,0]},"f":{"1":2,"2":2,"3":2,"4":2,"5":2,"6":2,"7":3,"8":3,"9":3,"10":1,"11":6,"12":0},"fnMap":{"1":{"name":"(anonymous_1)","line":26,"loc":{"start":{"line":26,"column":1},"end":{"line":26,"column":13}}},"2":{"name":"(anonymous_2)","line":33,"loc":{"start":{"line":33,"column":5},"end":{"line":33,"column":17}}},"3":{"name":"(anonymous_3)","line":37,"loc":{"start":{"line":37,"column":24},"end":{"line":37,"column":36}}},"4":{"name":"(anonymous_4)","line":69,"loc":{"start":{"line":69,"column":31},"end":{"line":69,"column":48}},"skip":true},"5":{"name":"(anonymous_5)","line":78,"loc":{"start":{"line":78,"column":26},"end":{"line":78,"column":45}},"skip":true},"6":{"name":"(anonymous_6)","line":123,"loc":{"start":{"line":123,"column":33},"end":{"line":123,"column":48}},"skip":true},"7":{"name":"(anonymous_7)","line":125,"loc":{"start":{"line":125,"column":27},"end":{"line":125,"column":39}},"skip":true},"8":{"name":"(anonymous_8)","line":133,"loc":{"start":{"line":133,"column":59},"end":{"line":133,"column":74}},"skip":true},"9":{"name":"(anonymous_9)","line":143,"loc":{"start":{"line":143,"column":45},"end":{"line":143,"column":62}},"skip":true},"10":{"name":"(anonymous_10)","line":144,"loc":{"start":{"line":144,"column":73},"end":{"line":144,"column":92}},"skip":true},"11":{"name":"(anonymous_11)","line":272,"loc":{"start":{"line":272,"column":51},"end":{"line":272,"column":77}},"skip":true},"12":{"name":"(anonymous_12)","line":315,"loc":{"start":{"line":315,"column":32},"end":{"line":315,"column":61}},"skip":true}},"statementMap":{"1":{"start":{"line":26,"column":0},"end":{"line":326,"column":5}},"2":{"start":{"line":28,"column":4},"end":{"line":28,"column":14}},"3":{"start":{"line":33,"column":4},"end":{"line":60,"column":9}},"4":{"start":{"line":35,"column":8},"end":{"line":35,"column":19}},"5":{"start":{"line":37,"column":8},"end":{"line":49,"column":13}},"6":{"start":{"line":38,"column":12},"end":{"line":48,"column":13}},"7":{"start":{"line":39,"column":16},"end":{"line":42,"column":30}},"8":{"start":{"line":44,"column":16},"end":{"line":47,"column":27}},"9":{"start":{"line":51,"column":8},"end":{"line":53,"column":21}},"10":{"start":{"line":55,"column":8},"end":{"line":57,"column":45}},"11":{"start":{"line":59,"column":8},"end":{"line":59,"column":35}},"12":{"start":{"line":61,"column":4},"end":{"line":325,"column":5}},"13":{"start":{"line":69,"column":8},"end":{"line":121,"column":10},"skip":true},"14":{"start":{"line":70,"column":12},"end":{"line":88,"column":13},"skip":true},"15":{"start":{"line":76,"column":16},"end":{"line":87,"column":19},"skip":true},"16":{"start":{"line":79,"column":20},"end":{"line":86,"column":21},"skip":true},"17":{"start":{"line":82,"column":24},"end":{"line":82,"column":43},"skip":true},"18":{"start":{"line":83,"column":24},"end":{"line":83,"column":30},"skip":true},"19":{"start":{"line":85,"column":24},"end":{"line":85,"column":49},"skip":true},"20":{"start":{"line":89,"column":12},"end":{"line":107,"column":13},"skip":true},"21":{"start":{"line":92,"column":16},"end":{"line":102,"column":17},"skip":true},"22":{"start":{"line":93,"column":20},"end":{"line":93,"column":86},"skip":true},"23":{"start":{"line":94,"column":20},"end":{"line":95,"column":45},"skip":true},"24":{"start":{"line":96,"column":20},"end":{"line":96,"column":42},"skip":true},"25":{"start":{"line":97,"column":20},"end":{"line":97,"column":48},"skip":true},"26":{"start":{"line":100,"column":20},"end":{"line":100,"column":85},"skip":true},"27":{"start":{"line":101,"column":20},"end":{"line":101,"column":96},"skip":true},"28":{"start":{"line":103,"column":16},"end":{"line":103,"column":22},"skip":true},"29":{"start":{"line":106,"column":16},"end":{"line":106,"column":22},"skip":true},"30":{"start":{"line":108,"column":12},"end":{"line":120,"column":13},"skip":true},"31":{"start":{"line":114,"column":16},"end":{"line":119,"column":17},"skip":true},"32":{"start":{"line":116,"column":20},"end":{"line":116,"column":78},"skip":true},"33":{"start":{"line":118,"column":20},"end":{"line":118,"column":47},"skip":true},"34":{"start":{"line":123,"column":8},"end":{"line":141,"column":11},"skip":true},"35":{"start":{"line":124,"column":12},"end":{"line":124,"column":54},"skip":true},"36":{"start":{"line":125,"column":12},"end":{"line":140,"column":14},"skip":true},"37":{"start":{"line":126,"column":16},"end":{"line":126,"column":28},"skip":true},"38":{"start":{"line":127,"column":16},"end":{"line":127,"column":69},"skip":true},"39":{"start":{"line":128,"column":16},"end":{"line":128,"column":75},"skip":true},"40":{"start":{"line":129,"column":16},"end":{"line":131,"column":17},"skip":true},"41":{"start":{"line":130,"column":20},"end":{"line":130,"column":27},"skip":true},"42":{"start":{"line":133,"column":16},"end":{"line":137,"column":36},"skip":true},"43":{"start":{"line":134,"column":20},"end":{"line":136,"column":55},"skip":true},"44":{"start":{"line":139,"column":16},"end":{"line":139,"column":57},"skip":true},"45":{"start":{"line":143,"column":8},"end":{"line":147,"column":11},"skip":true},"46":{"start":{"line":144,"column":12},"end":{"line":146,"column":15},"skip":true},"47":{"start":{"line":145,"column":16},"end":{"line":145,"column":70},"skip":true},"48":{"start":{"line":149,"column":8},"end":{"line":149,"column":31},"skip":true},"49":{"start":{"line":150,"column":8},"end":{"line":150,"column":14},"skip":true},"50":{"start":{"line":158,"column":8},"end":{"line":158,"column":31},"skip":true},"51":{"start":{"line":160,"column":8},"end":{"line":160,"column":33},"skip":true},"52":{"start":{"line":161,"column":8},"end":{"line":161,"column":37},"skip":true},"53":{"start":{"line":162,"column":8},"end":{"line":162,"column":35},"skip":true},"54":{"start":{"line":164,"column":8},"end":{"line":164,"column":50},"skip":true},"55":{"start":{"line":166,"column":8},"end":{"line":256,"column":2},"skip":true},"56":{"start":{"line":258,"column":8},"end":{"line":286,"column":9},"skip":true},"57":{"start":{"line":259,"column":12},"end":{"line":269,"column":14},"skip":true},"58":{"start":{"line":271,"column":12},"end":{"line":285,"column":19},"skip":true},"59":{"start":{"line":274,"column":20},"end":{"line":274,"column":35},"skip":true},"60":{"start":{"line":275,"column":20},"end":{"line":284,"column":21},"skip":true},"61":{"start":{"line":277,"column":24},"end":{"line":277,"column":64},"skip":true},"62":{"start":{"line":279,"column":24},"end":{"line":279,"column":40},"skip":true},"63":{"start":{"line":281,"column":24},"end":{"line":281,"column":40},"skip":true},"64":{"start":{"line":283,"column":24},"end":{"line":283,"column":39},"skip":true},"65":{"start":{"line":288,"column":8},"end":{"line":290,"column":9},"skip":true},"66":{"start":{"line":289,"column":12},"end":{"line":289,"column":18},"skip":true},"67":{"start":{"line":291,"column":8},"end":{"line":293,"column":54},"skip":true},"68":{"start":{"line":296,"column":8},"end":{"line":301,"column":37},"skip":true},"69":{"start":{"line":303,"column":8},"end":{"line":303,"column":82},"skip":true},"70":{"start":{"line":306,"column":8},"end":{"line":308,"column":9},"skip":true},"71":{"start":{"line":307,"column":12},"end":{"line":307,"column":82},"skip":true},"72":{"start":{"line":310,"column":8},"end":{"line":312,"column":9},"skip":true},"73":{"start":{"line":311,"column":12},"end":{"line":311,"column":18},"skip":true},"74":{"start":{"line":313,"column":8},"end":{"line":313,"column":54},"skip":true},"75":{"start":{"line":314,"column":8},"end":{"line":314,"column":69},"skip":true},"76":{"start":{"line":315,"column":8},"end":{"line":323,"column":36},"skip":true},"77":{"start":{"line":316,"column":12},"end":{"line":316,"column":61},"skip":true},"78":{"start":{"line":317,"column":12},"end":{"line":320,"column":13},"skip":true},"79":{"start":{"line":318,"column":16},"end":{"line":318,"column":75},"skip":true},"80":{"start":{"line":319,"column":16},"end":{"line":319,"column":23},"skip":true},"81":{"start":{"line":321,"column":12},"end":{"line":321,"column":38},"skip":true},"82":{"start":{"line":322,"column":12},"end":{"line":322,"column":27},"skip":true},"83":{"start":{"line":324,"column":8},"end":{"line":324,"column":14},"skip":true}},"branchMap":{"1":{"line":39,"type":"binary-expr","locations":[{"start":{"line":39,"column":23},"end":{"line":39,"column":62}},{"start":{"line":40,"column":20},"end":{"line":40,"column":70}},{"start":{"line":41,"column":20},"end":{"line":41,"column":71}},{"start":{"line":42,"column":20},"end":{"line":42,"column":29}}]},"2":{"line":44,"type":"binary-expr","locations":[{"start":{"line":44,"column":23},"end":{"line":44,"column":37}},{"start":{"line":45,"column":20},"end":{"line":45,"column":61}},{"start":{"line":46,"column":20},"end":{"line":46,"column":70}},{"start":{"line":47,"column":20},"end":{"line":47,"column":26}}]},"3":{"line":51,"type":"cond-expr","locations":[{"start":{"line":52,"column":14},"end":{"line":52,"column":20}},{"start":{"line":53,"column":14},"end":{"line":53,"column":20}}]},"4":{"line":55,"type":"binary-expr","locations":[{"start":{"line":55,"column":16},"end":{"line":55,"column":44}},{"start":{"line":55,"column":49},"end":{"line":57,"column":43}}]},"5":{"line":55,"type":"cond-expr","locations":[{"start":{"line":56,"column":14},"end":{"line":56,"column":51}},{"start":{"line":57,"column":14},"end":{"line":57,"column":43}}]},"6":{"line":61,"type":"switch","locations":[{"start":{"line":68,"column":4},"end":{"line":150,"column":14},"skip":true},{"start":{"line":156,"column":4},"end":{"line":324,"column":14},"skip":true}]},"7":{"line":70,"type":"if","locations":[{"start":{"line":70,"column":12},"end":{"line":70,"column":12},"skip":true},{"start":{"line":70,"column":12},"end":{"line":70,"column":12},"skip":true}]},"8":{"line":70,"type":"binary-expr","locations":[{"start":{"line":70,"column":16},"end":{"line":70,"column":22},"skip":true},{"start":{"line":70,"column":27},"end":{"line":70,"column":32},"skip":true},{"start":{"line":71,"column":20},"end":{"line":71,"column":39},"skip":true},{"start":{"line":72,"column":20},"end":{"line":72,"column":49},"skip":true},{"start":{"line":73,"column":20},"end":{"line":73,"column":58},"skip":true},{"start":{"line":74,"column":20},"end":{"line":74,"column":69},"skip":true}]},"9":{"line":79,"type":"switch","locations":[{"start":{"line":80,"column":20},"end":{"line":80,"column":33},"skip":true},{"start":{"line":81,"column":20},"end":{"line":83,"column":30},"skip":true},{"start":{"line":84,"column":20},"end":{"line":85,"column":49},"skip":true}]},"10":{"line":89,"type":"switch","locations":[{"start":{"line":90,"column":12},"end":{"line":103,"column":22},"skip":true},{"start":{"line":105,"column":12},"end":{"line":106,"column":22},"skip":true}]},"11":{"line":89,"type":"binary-expr","locations":[{"start":{"line":89,"column":20},"end":{"line":89,"column":25},"skip":true},{"start":{"line":89,"column":29},"end":{"line":89,"column":48},"skip":true},{"start":{"line":89,"column":52},"end":{"line":89,"column":74},"skip":true}]},"12":{"line":92,"type":"if","locations":[{"start":{"line":92,"column":16},"end":{"line":92,"column":16},"skip":true},{"start":{"line":92,"column":16},"end":{"line":92,"column":16},"skip":true}]},"13":{"line":108,"type":"if","locations":[{"start":{"line":108,"column":12},"end":{"line":108,"column":12},"skip":true},{"start":{"line":108,"column":12},"end":{"line":108,"column":12},"skip":true}]},"14":{"line":108,"type":"binary-expr","locations":[{"start":{"line":108,"column":16},"end":{"line":108,"column":61},"skip":true},{"start":{"line":108,"column":66},"end":{"line":108,"column":72},"skip":true},{"start":{"line":108,"column":77},"end":{"line":108,"column":82},"skip":true},{"start":{"line":109,"column":20},"end":{"line":109,"column":39},"skip":true},{"start":{"line":110,"column":20},"end":{"line":110,"column":49},"skip":true},{"start":{"line":111,"column":20},"end":{"line":111,"column":58},"skip":true},{"start":{"line":112,"column":20},"end":{"line":112,"column":68},"skip":true}]},"15":{"line":129,"type":"if","locations":[{"start":{"line":129,"column":16},"end":{"line":129,"column":16},"skip":true},{"start":{"line":129,"column":16},"end":{"line":129,"column":16},"skip":true}]},"16":{"line":134,"type":"cond-expr","locations":[{"start":{"line":135,"column":26},"end":{"line":135,"column":29},"skip":true},{"start":{"line":136,"column":26},"end":{"line":136,"column":54},"skip":true}]},"17":{"line":164,"type":"binary-expr","locations":[{"start":{"line":164,"column":27},"end":{"line":164,"column":43},"skip":true},{"start":{"line":164,"column":47},"end":{"line":164,"column":49},"skip":true}]},"18":{"line":258,"type":"if","locations":[{"start":{"line":258,"column":8},"end":{"line":258,"column":8},"skip":true},{"start":{"line":258,"column":8},"end":{"line":258,"column":8},"skip":true}]},"19":{"line":275,"type":"switch","locations":[{"start":{"line":276,"column":20},"end":{"line":277,"column":64},"skip":true},{"start":{"line":278,"column":20},"end":{"line":279,"column":40},"skip":true},{"start":{"line":280,"column":20},"end":{"line":281,"column":40},"skip":true},{"start":{"line":282,"column":20},"end":{"line":283,"column":39},"skip":true}]},"20":{"line":288,"type":"if","locations":[{"start":{"line":288,"column":8},"end":{"line":288,"column":8},"skip":true},{"start":{"line":288,"column":8},"end":{"line":288,"column":8},"skip":true}]},"21":{"line":288,"type":"binary-expr","locations":[{"start":{"line":288,"column":12},"end":{"line":288,"column":40},"skip":true},{"start":{"line":288,"column":44},"end":{"line":288,"column":67},"skip":true}]},"22":{"line":292,"type":"binary-expr","locations":[{"start":{"line":292,"column":12},"end":{"line":292,"column":50},"skip":true},{"start":{"line":293,"column":12},"end":{"line":293,"column":53},"skip":true}]},"23":{"line":297,"type":"binary-expr","locations":[{"start":{"line":297,"column":12},"end":{"line":297,"column":65},"skip":true},{"start":{"line":298,"column":12},"end":{"line":301,"column":36},"skip":true}]},"24":{"line":303,"type":"binary-expr","locations":[{"start":{"line":303,"column":43},"end":{"line":303,"column":75},"skip":true},{"start":{"line":303,"column":79},"end":{"line":303,"column":81},"skip":true}]},"25":{"line":306,"type":"if","locations":[{"start":{"line":306,"column":8},"end":{"line":306,"column":8},"skip":true},{"start":{"line":306,"column":8},"end":{"line":306,"column":8},"skip":true}]},"26":{"line":310,"type":"if","locations":[{"start":{"line":310,"column":8},"end":{"line":310,"column":8},"skip":true},{"start":{"line":310,"column":8},"end":{"line":310,"column":8},"skip":true}]},"27":{"line":313,"type":"binary-expr","locations":[{"start":{"line":313,"column":27},"end":{"line":313,"column":43},"skip":true},{"start":{"line":313,"column":47},"end":{"line":313,"column":53},"skip":true}]},"28":{"line":317,"type":"if","locations":[{"start":{"line":317,"column":12},"end":{"line":317,"column":12},"skip":true},{"start":{"line":317,"column":12},"end":{"line":317,"column":12},"skip":true}]}},"code":["/*","example.js","","quickstart example","","instruction","    1. save this script as example.js","    2. run the shell command:","        $ npm install npmtest-wtfnode && PORT=8081 node example.js","    3. play with the browser-demo on http://127.0.0.1:8081","*/","","","","/* istanbul instrument in package npmtest_wtfnode */","/*jslint","    bitwise: true,","    browser: true,","    maxerr: 8,","    maxlen: 96,","    node: true,","    nomen: true,","    regexp: true,","    stupid: true","*/","(function () {","    'use strict';","    var local;","","","","    // run shared js-env code - init-before","    (function () {","        // init local","        local = {};","        // init modeJs","        local.modeJs = (function () {","            try {","                return typeof navigator.userAgent === 'string' &&","                    typeof document.querySelector('body') === 'object' &&","                    typeof XMLHttpRequest.prototype.open === 'function' &&","                    'browser';","            } catch (errorCaughtBrowser) {","                return module.exports &&","                    typeof process.versions.node === 'string' &&","                    typeof require('http').createServer === 'function' &&","                    'node';","            }","        }());","        // init global","        local.global = local.modeJs === 'browser'","            ? window","            : global;","        // init utility2_rollup","        local = local.global.utility2_rollup || (local.modeJs === 'browser'","            ? local.global.utility2_npmtest_wtfnode","            : global.utility2_moduleExports);","        // export local","        local.global.local = local;","    }());","    switch (local.modeJs) {","","","","    // init-after","    // run browser js-env code - init-after","    /* istanbul ignore next */","    case 'browser':","        local.testRunBrowser = function (event) {","            if (!event || (event &&","                    event.currentTarget &&","                    event.currentTarget.className &&","                    event.currentTarget.className.includes &&","                    event.currentTarget.className.includes('onreset'))) {","                // reset output","                Array.from(","                    document.querySelectorAll('body > .resettable')","                ).forEach(function (element) {","                    switch (element.tagName) {","                    case 'INPUT':","                    case 'TEXTAREA':","                        element.value = '';","                        break;","                    default:","                        element.textContent = '';","                    }","                });","            }","            switch (event && event.currentTarget && event.currentTarget.id) {","            case 'testRunButton1':","                // show tests","                if (document.querySelector('#testReportDiv1').style.display === 'none') {","                    document.querySelector('#testReportDiv1').style.display = 'block';","                    document.querySelector('#testRunButton1').textContent =","                        'hide internal test';","                    local.modeTest = true;","                    local.testRunDefault(local);","                // hide tests","                } else {","                    document.querySelector('#testReportDiv1').style.display = 'none';","                    document.querySelector('#testRunButton1').textContent = 'run internal test';","                }","                break;","            // custom-case","            default:","                break;","            }","            if (document.querySelector('#inputTextareaEval1') && (!event || (event &&","                    event.currentTarget &&","                    event.currentTarget.className &&","                    event.currentTarget.className.includes &&","                    event.currentTarget.className.includes('oneval')))) {","                // try to eval input-code","                try {","                    /*jslint evil: true*/","                    eval(document.querySelector('#inputTextareaEval1').value);","                } catch (errorCaught) {","                    console.error(errorCaught);","                }","            }","        };","        // log stderr and stdout to #outputTextareaStdout1","        ['error', 'log'].forEach(function (key) {","            console[key + '_original'] = console[key];","            console[key] = function () {","                var element;","                console[key + '_original'].apply(console, arguments);","                element = document.querySelector('#outputTextareaStdout1');","                if (!element) {","                    return;","                }","                // append text to #outputTextareaStdout1","                element.value += Array.from(arguments).map(function (arg) {","                    return typeof arg === 'string'","                        ? arg","                        : JSON.stringify(arg, null, 4);","                }).join(' ') + '\\n';","                // scroll textarea to bottom","                element.scrollTop = element.scrollHeight;","            };","        });","        // init event-handling","        ['change', 'click', 'keyup'].forEach(function (event) {","            Array.from(document.querySelectorAll('.on' + event)).forEach(function (element) {","                element.addEventListener(event, local.testRunBrowser);","            });","        });","        // run tests","        local.testRunBrowser();","        break;","","","","    // run node js-env code - init-after","    /* istanbul ignore next */","    case 'node':","        // export local","        module.exports = local;","        // require modules","        local.fs = require('fs');","        local.http = require('http');","        local.url = require('url');","        // init assets","        local.assetsDict = local.assetsDict || {};","        /* jslint-ignore-begin */","        local.assetsDict['/assets.index.template.html'] = '\\","<!doctype html>\\n\\","<html lang=\"en\">\\n\\","<head>\\n\\","<meta charset=\"UTF-8\">\\n\\","<meta name=\"viewport\" content=\"width=device-width, initial-scale=1\">\\n\\","<title>{{env.npm_package_name}} (v{{env.npm_package_version}})</title>\\n\\","<style>\\n\\","/*csslint\\n\\","    box-sizing: false,\\n\\","    universal-selector: false\\n\\","*/\\n\\","* {\\n\\","    box-sizing: border-box;\\n\\","}\\n\\","body {\\n\\","    background: #dde;\\n\\","    font-family: Arial, Helvetica, sans-serif;\\n\\","    margin: 2rem;\\n\\","}\\n\\","body > * {\\n\\","    margin-bottom: 1rem;\\n\\","}\\n\\",".utility2FooterDiv {\\n\\","    margin-top: 20px;\\n\\","    text-align: center;\\n\\","}\\n\\","</style>\\n\\","<style>\\n\\","/*csslint\\n\\","*/\\n\\","textarea {\\n\\","    font-family: monospace;\\n\\","    height: 10rem;\\n\\","    width: 100%;\\n\\","}\\n\\","textarea[readonly] {\\n\\","    background: #ddd;\\n\\","}\\n\\","</style>\\n\\","</head>\\n\\","<body>\\n\\","<!-- utility2-comment\\n\\","<div id=\"ajaxProgressDiv1\" style=\"background: #d00; height: 2px; left: 0; margin: 0; padding: 0; position: fixed; top: 0; transition: background 0.5s, width 1.5s; width: 25%;\"></div>\\n\\","utility2-comment -->\\n\\","<h1>\\n\\","<!-- utility2-comment\\n\\","    <a\\n\\","        {{#if env.npm_package_homepage}}\\n\\","        href=\"{{env.npm_package_homepage}}\"\\n\\","        {{/if env.npm_package_homepage}}\\n\\","        target=\"_blank\"\\n\\","    >\\n\\","utility2-comment -->\\n\\","        {{env.npm_package_name}} (v{{env.npm_package_version}})\\n\\","<!-- utility2-comment\\n\\","    </a>\\n\\","utility2-comment -->\\n\\","</h1>\\n\\","<h3>{{env.npm_package_description}}</h3>\\n\\","<!-- utility2-comment\\n\\","<h4><a download href=\"assets.app.js\">download standalone app</a></h4>\\n\\","<button class=\"onclick onreset\" id=\"testRunButton1\">run internal test</button><br>\\n\\","<div id=\"testReportDiv1\" style=\"display: none;\"></div>\\n\\","utility2-comment -->\\n\\","\\n\\","\\n\\","\\n\\","<label>stderr and stdout</label>\\n\\","<textarea class=\"resettable\" id=\"outputTextareaStdout1\" readonly></textarea>\\n\\","<!-- utility2-comment\\n\\","{{#if isRollup}}\\n\\","<script src=\"assets.app.js\"></script>\\n\\","{{#unless isRollup}}\\n\\","utility2-comment -->\\n\\","<script src=\"assets.utility2.rollup.js\"></script>\\n\\","<script src=\"jsonp.utility2._stateInit?callback=window.utility2._stateInit\"></script>\\n\\","<script src=\"assets.npmtest_wtfnode.rollup.js\"></script>\\n\\","<script src=\"assets.example.js\"></script>\\n\\","<script src=\"assets.test.js\"></script>\\n\\","<!-- utility2-comment\\n\\","{{/if isRollup}}\\n\\","utility2-comment -->\\n\\","<div class=\"utility2FooterDiv\">\\n\\","    [ this app was created with\\n\\","    <a href=\"https://github.com/kaizhu256/node-utility2\" target=\"_blank\">utility2</a>\\n\\","    ]\\n\\","</div>\\n\\","</body>\\n\\","</html>\\n\\","';","        /* jslint-ignore-end */","        if (local.templateRender) {","            local.assetsDict['/'] = local.templateRender(","                local.assetsDict['/assets.index.template.html'],","                {","                    env: local.objectSetDefault(local.env, {","                        npm_package_description: 'the greatest app in the world!',","                        npm_package_name: 'my-app',","                        npm_package_nameAlias: 'my_app',","                        npm_package_version: '0.0.1'","                    })","                }","            );","        } else {","            local.assetsDict['/'] = local.assetsDict['/assets.index.template.html']","                .replace((/\\{\\{env\\.(\\w+?)\\}\\}/g), function (match0, match1) {","                    // jslint-hack","                    String(match0);","                    switch (match1) {","                    case 'npm_package_description':","                        return 'the greatest app in the world!';","                    case 'npm_package_name':","                        return 'my-app';","                    case 'npm_package_nameAlias':","                        return 'my_app';","                    case 'npm_package_version':","                        return '0.0.1';","                    }","                });","        }","        // run the cli","        if (local.global.utility2_rollup || module !== require.main) {","            break;","        }","        local.assetsDict['/assets.example.js'] =","            local.assetsDict['/assets.example.js'] ||","            local.fs.readFileSync(__filename, 'utf8');","        // bug-workaround - long $npm_package_buildCustomOrg","        /* jslint-ignore-begin */","        local.assetsDict['/assets.npmtest_wtfnode.rollup.js'] =","            local.assetsDict['/assets.npmtest_wtfnode.rollup.js'] ||","            local.fs.readFileSync(","                local.npmtest_wtfnode.__dirname + '/lib.npmtest_wtfnode.js',","                'utf8'","            ).replace((/^#!/), '//');","        /* jslint-ignore-end */","        local.assetsDict['/favicon.ico'] = local.assetsDict['/favicon.ico'] || '';","        // if $npm_config_timeout_exit exists,","        // then exit this process after $npm_config_timeout_exit ms","        if (Number(process.env.npm_config_timeout_exit)) {","            setTimeout(process.exit, Number(process.env.npm_config_timeout_exit));","        }","        // start server","        if (local.global.utility2_serverHttp1) {","            break;","        }","        process.env.PORT = process.env.PORT || '8081';","        console.error('server starting on port ' + process.env.PORT);","        local.http.createServer(function (request, response) {","            request.urlParsed = local.url.parse(request.url);","            if (local.assetsDict[request.urlParsed.pathname] !== undefined) {","                response.end(local.assetsDict[request.urlParsed.pathname]);","                return;","            }","            response.statusCode = 404;","            response.end();","        }).listen(process.env.PORT);","        break;","    }","}());",""],"l":{"26":2,"28":2,"33":2,"35":2,"37":2,"38":2,"39":2,"44":1,"51":2,"55":2,"59":2,"61":2,"69":1,"70":2,"76":2,"79":2,"82":2,"83":2,"85":1,"89":2,"92":1,"93":1,"94":1,"96":1,"97":1,"100":1,"101":1,"103":1,"106":1,"108":2,"114":1,"116":1,"118":1,"123":1,"124":2,"125":2,"126":3,"127":3,"128":3,"129":3,"130":1,"133":3,"134":3,"139":3,"143":1,"144":3,"145":1,"149":1,"150":1,"158":1,"160":1,"161":1,"162":1,"164":1,"166":1,"258":1,"259":1,"271":1,"274":6,"275":6,"277":1,"279":2,"281":1,"283":2,"288":1,"289":1,"291":1,"296":1,"303":1,"306":1,"307":1,"310":1,"311":1,"313":1,"314":1,"315":1,"316":1,"317":1,"318":1,"319":1,"321":1,"322":1,"324":1}},"/home/travis/build/npmtest/node-npmtest-wtfnode/node_modules/wtfnode/index.js":{"path":"/home/travis/build/npmtest/node-npmtest-wtfnode/node_modules/wtfnode/index.js","s":{"1":1,"2":1,"3":3,"4":1,"5":1,"6":31,"7":0,"8":31,"9":24,"10":7,"11":0,"12":1,"13":1,"14":1,"15":648,"16":1,"17":648,"18":648,"19":648,"20":5745,"21":648,"22":648,"23":1,"24":423,"25":3239,"26":179,"27":244,"28":1,"29":1,"30":509,"31":0,"32":509,"33":125,"34":125,"35":223,"36":509,"37":509,"38":1703,"39":1703,"40":509,"41":284,"42":509,"43":1,"44":1,"45":2,"46":2,"47":0,"48":0,"49":0,"50":0,"51":0,"52":0,"53":0,"54":0,"55":1,"56":1,"57":1,"58":1,"59":1,"60":1,"61":1,"62":117,"63":117,"64":21,"65":117,"66":1,"67":349,"68":349,"69":698,"70":349,"71":349,"72":349,"73":349,"74":349,"75":1,"76":160,"77":160,"78":320,"79":160,"80":160,"81":160,"82":125,"83":160,"84":160,"85":160,"86":1,"87":1,"88":1,"89":1,"90":1,"91":1,"92":1,"93":1,"94":1,"95":1,"96":1,"97":0,"98":0,"99":1,"100":1,"101":1,"102":1,"103":1,"104":1,"105":1,"106":1,"107":1,"108":12,"109":12,"110":34,"111":12,"112":1,"113":1,"114":40,"115":26,"116":26,"117":26,"118":26,"119":14,"120":1,"121":1,"122":1,"123":1,"124":36,"125":19,"126":3,"127":16,"128":17,"129":1,"130":16,"131":2,"132":14,"133":7,"134":7,"135":5,"136":2,"137":1,"138":1,"139":1,"140":1,"141":1,"142":3,"143":3,"144":3,"145":3,"146":2,"147":3,"148":0,"149":3,"150":3,"151":3,"152":1,"153":1,"154":1,"155":1,"156":1,"157":1,"158":0,"159":1,"160":1,"161":1,"162":1,"163":1,"164":1,"165":4,"166":4,"167":4,"168":4,"169":4,"170":4,"171":4,"172":13,"173":3,"174":13,"175":13,"176":3,"177":4,"178":1,"179":1,"180":1,"181":1,"182":1,"183":1,"184":1,"185":1,"186":1,"187":1,"188":1,"189":13,"190":0,"191":13,"192":13,"193":0,"194":0,"195":0,"196":13,"197":13,"198":7,"199":7,"200":19,"201":19,"202":1,"203":1,"204":1,"205":3,"206":3,"207":1,"208":2,"209":0,"210":2,"211":0,"212":2,"213":0,"214":2,"215":2,"216":3,"217":3,"218":1,"219":1,"220":0,"221":2,"222":2,"223":0,"224":2,"225":2,"226":2,"227":2,"228":2,"229":3,"230":3,"231":1,"232":1,"233":7,"234":7,"235":7,"236":19,"237":19,"238":12,"239":12,"240":0,"241":12,"242":19,"243":0,"244":0,"245":0,"246":0,"247":0,"248":0,"249":0,"250":0,"251":0,"252":0,"253":0,"254":1,"255":1,"256":1,"257":12,"258":12,"259":0,"260":12,"261":1,"262":0,"263":0,"264":0,"265":0,"266":0,"267":0,"268":1,"269":1,"270":1,"271":1,"272":0,"273":1,"274":1,"275":0,"276":1,"277":0,"278":0,"279":0,"280":0,"281":0,"282":1,"283":1,"284":0,"285":0,"286":0,"287":0,"288":0,"289":0,"290":1,"291":0,"292":0,"293":0,"294":0,"295":0},"b":{"1":[1,0],"2":[0,31],"3":[24,7],"4":[0,7],"5":[179,3060],"6":[3239,2073,398],"7":[0,509],"8":[160,349],"9":[284,225],"10":[284,105],"11":[0,0],"12":[1,0],"13":[21,96],"14":[117,22],"15":[349,0],"16":[160,0],"17":[0,1],"18":[1,0],"19":[1,1,1],"20":[46,46],"21":[26,14],"22":[26,0],"23":[1,25],"24":[26,0],"25":[19,17],"26":[3,16],"27":[1,16],"28":[2,14],"29":[7,7],"30":[5,2],"31":[1,1],"32":[1,0],"33":[3,0],"34":[2,1],"35":[0,3],"36":[1,2],"37":[3,3],"38":[1,0],"39":[0,1],"40":[1,1],"41":[1,0],"42":[1,0],"43":[4,0],"44":[4,0],"45":[4,4],"46":[3,10],"47":[13,3,3],"48":[3,10],"49":[1,3],"50":[4,4],"51":[1,0],"52":[1,0],"53":[0,13],"54":[13,0],"55":[0,0],"56":[0,0],"57":[7,6],"58":[13,13],"59":[19,12],"60":[1,0],"61":[1,2],"62":[0,2],"63":[0,2],"64":[0,2],"65":[2,0],"66":[1,0],"67":[2,0],"68":[1,1],"69":[2,1],"70":[0,1],"71":[1,1],"72":[1,0],"73":[2,0],"74":[2,2],"75":[3,1,1],"76":[7,0],"77":[12,7],"78":[19,12],"79":[0,12],"80":[12,12],"81":[19,19],"82":[0,0],"83":[0,0],"84":[0,0],"85":[0,0],"86":[1,0],"87":[0,12],"88":[0,1],"89":[0,0],"90":[1,0],"91":[0,1],"92":[1,0],"93":[0,0],"94":[0,1]},"f":{"1":3,"2":31,"3":1,"4":648,"5":648,"6":5745,"7":423,"8":509,"9":125,"10":223,"11":1703,"12":2,"13":0,"14":117,"15":349,"16":160,"17":125,"18":1,"19":1,"20":12,"21":40,"22":1,"23":36,"24":3,"25":1,"26":1,"27":4,"28":13,"29":1,"30":13,"31":19,"32":3,"33":3,"34":7,"35":0,"36":12,"37":0,"38":1,"39":0,"40":0,"41":0},"fnMap":{"1":{"name":"(anonymous_1)","line":18,"loc":{"start":{"line":18,"column":59},"end":{"line":18,"column":72}}},"2":{"name":"timerCallback","line":24,"loc":{"start":{"line":24,"column":0},"end":{"line":24,"column":30}}},"3":{"name":"(anonymous_3)","line":31,"loc":{"start":{"line":31,"column":1},"end":{"line":31,"column":13}}},"4":{"name":"(anonymous_4)","line":33,"loc":{"start":{"line":33,"column":17},"end":{"line":33,"column":37}}},"5":{"name":"(anonymous_5)","line":36,"loc":{"start":{"line":36,"column":13},"end":{"line":36,"column":23}}},"6":{"name":"(anonymous_6)","line":39,"loc":{"start":{"line":39,"column":38},"end":{"line":39,"column":54}}},"7":{"name":"findCallsite","line":50,"loc":{"start":{"line":50,"column":4},"end":{"line":50,"column":33}}},"8":{"name":"wrapFn","line":73,"loc":{"start":{"line":73,"column":4},"end":{"line":73,"column":52}}},"9":{"name":"(anonymous_9)","line":78,"loc":{"start":{"line":78,"column":12},"end":{"line":78,"column":24}}},"10":{"name":"(anonymous_10)","line":83,"loc":{"start":{"line":83,"column":12},"end":{"line":83,"column":24}}},"11":{"name":"(anonymous_11)","line":91,"loc":{"start":{"line":91,"column":47},"end":{"line":91,"column":62}}},"12":{"name":"wrapTimer","line":132,"loc":{"start":{"line":132,"column":4},"end":{"line":132,"column":41}}},"13":{"name":"(anonymous_13)","line":134,"loc":{"start":{"line":134,"column":23},"end":{"line":134,"column":35}}},"14":{"name":"(anonymous_14)","line":156,"loc":{"start":{"line":156,"column":28},"end":{"line":156,"column":40}}},"15":{"name":"(anonymous_15)","line":174,"loc":{"start":{"line":174,"column":41},"end":{"line":174,"column":71}}},"16":{"name":"(anonymous_16)","line":206,"loc":{"start":{"line":206,"column":34},"end":{"line":206,"column":64}}},"17":{"name":"(anonymous_17)","line":212,"loc":{"start":{"line":212,"column":48},"end":{"line":212,"column":60}}},"18":{"name":"(anonymous_18)","line":242,"loc":{"start":{"line":242,"column":20},"end":{"line":242,"column":32}}},"19":{"name":"(anonymous_19)","line":256,"loc":{"start":{"line":256,"column":19},"end":{"line":256,"column":38}}},"20":{"name":"formatTime","line":282,"loc":{"start":{"line":282,"column":0},"end":{"line":282,"column":23}}},"21":{"name":"getCallsite","line":292,"loc":{"start":{"line":292,"column":0},"end":{"line":292,"column":28}}},"22":{"name":"dump","line":303,"loc":{"start":{"line":303,"column":0},"end":{"line":303,"column":16}}},"23":{"name":"(anonymous_23)","line":308,"loc":{"start":{"line":308,"column":40},"end":{"line":308,"column":53}}},"24":{"name":"(anonymous_24)","line":327,"loc":{"start":{"line":327,"column":20},"end":{"line":327,"column":33}}},"25":{"name":"(anonymous_25)","line":338,"loc":{"start":{"line":338,"column":42},"end":{"line":338,"column":56}}},"26":{"name":"(anonymous_26)","line":347,"loc":{"start":{"line":347,"column":27},"end":{"line":347,"column":40}}},"27":{"name":"(anonymous_27)","line":357,"loc":{"start":{"line":357,"column":26},"end":{"line":357,"column":40}}},"28":{"name":"(anonymous_28)","line":365,"loc":{"start":{"line":365,"column":33},"end":{"line":365,"column":46}}},"29":{"name":"(anonymous_29)","line":381,"loc":{"start":{"line":381,"column":31},"end":{"line":381,"column":45}}},"30":{"name":"(anonymous_30)","line":391,"loc":{"start":{"line":391,"column":24},"end":{"line":391,"column":37}}},"31":{"name":"(anonymous_31)","line":404,"loc":{"start":{"line":404,"column":41},"end":{"line":404,"column":55}}},"32":{"name":"(anonymous_32)","line":414,"loc":{"start":{"line":414,"column":24},"end":{"line":414,"column":37}}},"33":{"name":"(anonymous_33)","line":449,"loc":{"start":{"line":449,"column":34},"end":{"line":449,"column":48}}},"34":{"name":"(anonymous_34)","line":458,"loc":{"start":{"line":458,"column":20},"end":{"line":458,"column":33}}},"35":{"name":"(anonymous_35)","line":476,"loc":{"start":{"line":476,"column":28},"end":{"line":476,"column":41}}},"36":{"name":"(anonymous_36)","line":500,"loc":{"start":{"line":500,"column":23},"end":{"line":500,"column":36}}},"37":{"name":"(anonymous_37)","line":514,"loc":{"start":{"line":514,"column":26},"end":{"line":514,"column":39}}},"38":{"name":"(anonymous_38)","line":527,"loc":{"start":{"line":527,"column":22},"end":{"line":527,"column":35}}},"39":{"name":"init","line":535,"loc":{"start":{"line":535,"column":0},"end":{"line":535,"column":16}}},"40":{"name":"(anonymous_40)","line":536,"loc":{"start":{"line":536,"column":25},"end":{"line":536,"column":37}}},"41":{"name":"parseArgs","line":548,"loc":{"start":{"line":548,"column":0},"end":{"line":548,"column":21}}}},"statementMap":{"1":{"start":{"line":6,"column":0},"end":{"line":16,"column":14}},"2":{"start":{"line":18,"column":0},"end":{"line":18,"column":101}},"3":{"start":{"line":18,"column":74},"end":{"line":18,"column":97}},"4":{"start":{"line":20,"column":0},"end":{"line":22,"column":2}},"5":{"start":{"line":24,"column":0},"end":{"line":28,"column":1}},"6":{"start":{"line":25,"column":4},"end":{"line":25,"column":66}},"7":{"start":{"line":25,"column":47},"end":{"line":25,"column":64}},"8":{"start":{"line":26,"column":4},"end":{"line":26,"column":72}},"9":{"start":{"line":26,"column":50},"end":{"line":26,"column":70}},"10":{"start":{"line":27,"column":4},"end":{"line":27,"column":76}},"11":{"start":{"line":27,"column":52},"end":{"line":27,"column":74}},"12":{"start":{"line":31,"column":0},"end":{"line":280,"column":5}},"13":{"start":{"line":32,"column":4},"end":{"line":32,"column":59}},"14":{"start":{"line":33,"column":4},"end":{"line":33,"column":55}},"15":{"start":{"line":33,"column":39},"end":{"line":33,"column":52}},"16":{"start":{"line":35,"column":4},"end":{"line":48,"column":7}},"17":{"start":{"line":37,"column":12},"end":{"line":37,"column":44}},"18":{"start":{"line":38,"column":12},"end":{"line":38,"column":34}},"19":{"start":{"line":39,"column":12},"end":{"line":44,"column":15}},"20":{"start":{"line":40,"column":16},"end":{"line":43,"column":18}},"21":{"start":{"line":45,"column":12},"end":{"line":45,"column":63}},"22":{"start":{"line":46,"column":12},"end":{"line":46,"column":25}},"23":{"start":{"line":50,"column":4},"end":{"line":65,"column":5}},"24":{"start":{"line":51,"column":8},"end":{"line":63,"column":9}},"25":{"start":{"line":57,"column":12},"end":{"line":62,"column":13}},"26":{"start":{"line":61,"column":14},"end":{"line":61,"column":30}},"27":{"start":{"line":64,"column":8},"end":{"line":64,"column":20}},"28":{"start":{"line":72,"column":4},"end":{"line":72,"column":47}},"29":{"start":{"line":73,"column":4},"end":{"line":129,"column":5}},"30":{"start":{"line":74,"column":8},"end":{"line":74,"column":52}},"31":{"start":{"line":74,"column":40},"end":{"line":74,"column":50}},"32":{"start":{"line":76,"column":8},"end":{"line":86,"column":10}},"33":{"start":{"line":79,"column":16},"end":{"line":79,"column":45}},"34":{"start":{"line":80,"column":16},"end":{"line":80,"column":49}},"35":{"start":{"line":84,"column":16},"end":{"line":84,"column":49}},"36":{"start":{"line":88,"column":8},"end":{"line":88,"column":28}},"37":{"start":{"line":91,"column":8},"end":{"line":97,"column":11}},"38":{"start":{"line":92,"column":12},"end":{"line":96,"column":13}},"39":{"start":{"line":93,"column":16},"end":{"line":93,"column":94}},"40":{"start":{"line":100,"column":8},"end":{"line":127,"column":9}},"41":{"start":{"line":101,"column":12},"end":{"line":126,"column":15}},"42":{"start":{"line":128,"column":8},"end":{"line":128,"column":23}},"43":{"start":{"line":131,"column":4},"end":{"line":131,"column":22}},"44":{"start":{"line":132,"column":4},"end":{"line":146,"column":5}},"45":{"start":{"line":133,"column":8},"end":{"line":133,"column":37}},"46":{"start":{"line":134,"column":8},"end":{"line":145,"column":10}},"47":{"start":{"line":135,"column":12},"end":{"line":135,"column":49}},"48":{"start":{"line":136,"column":12},"end":{"line":136,"column":51}},"49":{"start":{"line":136,"column":26},"end":{"line":136,"column":49}},"50":{"start":{"line":138,"column":12},"end":{"line":138,"column":54}},"51":{"start":{"line":139,"column":12},"end":{"line":139,"column":43}},"52":{"start":{"line":140,"column":12},"end":{"line":142,"column":13}},"53":{"start":{"line":141,"column":16},"end":{"line":141,"column":74}},"54":{"start":{"line":144,"column":12},"end":{"line":144,"column":23}},"55":{"start":{"line":147,"column":4},"end":{"line":147,"column":35}},"56":{"start":{"line":148,"column":4},"end":{"line":148,"column":35}},"57":{"start":{"line":150,"column":4},"end":{"line":150,"column":54}},"58":{"start":{"line":151,"column":4},"end":{"line":151,"column":71}},"59":{"start":{"line":152,"column":4},"end":{"line":152,"column":47}},"60":{"start":{"line":154,"column":4},"end":{"line":171,"column":5}},"61":{"start":{"line":156,"column":8},"end":{"line":170,"column":10}},"62":{"start":{"line":157,"column":12},"end":{"line":157,"column":49}},"63":{"start":{"line":158,"column":12},"end":{"line":167,"column":13}},"64":{"start":{"line":159,"column":16},"end":{"line":166,"column":19}},"65":{"start":{"line":169,"column":12},"end":{"line":169,"column":61}},"66":{"start":{"line":173,"column":4},"end":{"line":204,"column":6}},"67":{"start":{"line":175,"column":8},"end":{"line":175,"column":49}},"68":{"start":{"line":176,"column":8},"end":{"line":176,"column":47}},"69":{"start":{"line":176,"column":22},"end":{"line":176,"column":45}},"70":{"start":{"line":178,"column":8},"end":{"line":201,"column":9}},"71":{"start":{"line":179,"column":12},"end":{"line":179,"column":58}},"72":{"start":{"line":186,"column":12},"end":{"line":186,"column":44}},"73":{"start":{"line":193,"column":12},"end":{"line":200,"column":15}},"74":{"start":{"line":203,"column":8},"end":{"line":203,"column":59}},"75":{"start":{"line":206,"column":4},"end":{"line":227,"column":6}},"76":{"start":{"line":207,"column":8},"end":{"line":207,"column":49}},"77":{"start":{"line":208,"column":8},"end":{"line":208,"column":47}},"78":{"start":{"line":208,"column":22},"end":{"line":208,"column":45}},"79":{"start":{"line":210,"column":8},"end":{"line":210,"column":41}},"80":{"start":{"line":211,"column":8},"end":{"line":224,"column":9}},"81":{"start":{"line":212,"column":12},"end":{"line":214,"column":15}},"82":{"start":{"line":213,"column":16},"end":{"line":213,"column":46}},"83":{"start":{"line":215,"column":12},"end":{"line":215,"column":44}},"84":{"start":{"line":216,"column":12},"end":{"line":223,"column":15}},"85":{"start":{"line":226,"column":8},"end":{"line":226,"column":59}},"86":{"start":{"line":232,"column":4},"end":{"line":232,"column":27}},"87":{"start":{"line":234,"column":4},"end":{"line":234,"column":42}},"88":{"start":{"line":235,"column":4},"end":{"line":235,"column":40}},"89":{"start":{"line":236,"column":4},"end":{"line":236,"column":42}},"90":{"start":{"line":237,"column":4},"end":{"line":237,"column":35}},"91":{"start":{"line":238,"column":4},"end":{"line":238,"column":35}},"92":{"start":{"line":239,"column":4},"end":{"line":239,"column":48}},"93":{"start":{"line":240,"column":4},"end":{"line":240,"column":38}},"94":{"start":{"line":242,"column":4},"end":{"line":252,"column":9}},"95":{"start":{"line":243,"column":8},"end":{"line":243,"column":65}},"96":{"start":{"line":245,"column":8},"end":{"line":249,"column":9}},"97":{"start":{"line":247,"column":12},"end":{"line":247,"column":85}},"98":{"start":{"line":248,"column":12},"end":{"line":248,"column":42}},"99":{"start":{"line":251,"column":8},"end":{"line":251,"column":28}},"100":{"start":{"line":254,"column":4},"end":{"line":254,"column":33}},"101":{"start":{"line":255,"column":4},"end":{"line":255,"column":37}},"102":{"start":{"line":256,"column":4},"end":{"line":279,"column":6}},"103":{"start":{"line":257,"column":8},"end":{"line":257,"column":58}},"104":{"start":{"line":261,"column":8},"end":{"line":276,"column":9}},"105":{"start":{"line":262,"column":12},"end":{"line":275,"column":15}},"106":{"start":{"line":278,"column":8},"end":{"line":278,"column":22}},"107":{"start":{"line":282,"column":0},"end":{"line":289,"column":1}},"108":{"start":{"line":283,"column":4},"end":{"line":285,"column":14}},"109":{"start":{"line":287,"column":4},"end":{"line":287,"column":69}},"110":{"start":{"line":287,"column":51},"end":{"line":287,"column":67}},"111":{"start":{"line":288,"column":4},"end":{"line":288,"column":45}},"112":{"start":{"line":291,"column":0},"end":{"line":291,"column":14}},"113":{"start":{"line":292,"column":0},"end":{"line":301,"column":1}},"114":{"start":{"line":293,"column":4},"end":{"line":299,"column":5}},"115":{"start":{"line":294,"column":8},"end":{"line":294,"column":92}},"116":{"start":{"line":295,"column":8},"end":{"line":297,"column":9}},"117":{"start":{"line":296,"column":12},"end":{"line":296,"column":131}},"118":{"start":{"line":298,"column":8},"end":{"line":298,"column":44}},"119":{"start":{"line":300,"column":4},"end":{"line":300,"column":28}},"120":{"start":{"line":303,"column":0},"end":{"line":533,"column":1}},"121":{"start":{"line":304,"column":4},"end":{"line":304,"column":45}},"122":{"start":{"line":307,"column":4},"end":{"line":307,"column":115}},"123":{"start":{"line":308,"column":4},"end":{"line":323,"column":7}},"124":{"start":{"line":309,"column":8},"end":{"line":322,"column":31}},"125":{"start":{"line":312,"column":12},"end":{"line":313,"column":37}},"126":{"start":{"line":312,"column":34},"end":{"line":312,"column":46}},"127":{"start":{"line":313,"column":19},"end":{"line":313,"column":35}},"128":{"start":{"line":315,"column":13},"end":{"line":322,"column":31}},"129":{"start":{"line":315,"column":40},"end":{"line":315,"column":56}},"130":{"start":{"line":316,"column":13},"end":{"line":322,"column":31}},"131":{"start":{"line":316,"column":45},"end":{"line":316,"column":61}},"132":{"start":{"line":317,"column":13},"end":{"line":322,"column":31}},"133":{"start":{"line":317,"column":39},"end":{"line":317,"column":55}},"134":{"start":{"line":318,"column":13},"end":{"line":322,"column":31}},"135":{"start":{"line":318,"column":46},"end":{"line":318,"column":64}},"136":{"start":{"line":319,"column":13},"end":{"line":322,"column":31}},"137":{"start":{"line":319,"column":49},"end":{"line":319,"column":72}},"138":{"start":{"line":322,"column":15},"end":{"line":322,"column":29}},"139":{"start":{"line":325,"column":4},"end":{"line":344,"column":5}},"140":{"start":{"line":326,"column":8},"end":{"line":326,"column":71}},"141":{"start":{"line":327,"column":8},"end":{"line":343,"column":11}},"142":{"start":{"line":328,"column":12},"end":{"line":328,"column":37}},"143":{"start":{"line":329,"column":12},"end":{"line":329,"column":45}},"144":{"start":{"line":329,"column":27},"end":{"line":329,"column":43}},"145":{"start":{"line":330,"column":12},"end":{"line":330,"column":50}},"146":{"start":{"line":330,"column":30},"end":{"line":330,"column":48}},"147":{"start":{"line":331,"column":12},"end":{"line":331,"column":55}},"148":{"start":{"line":331,"column":31},"end":{"line":331,"column":53}},"149":{"start":{"line":332,"column":12},"end":{"line":332,"column":29}},"150":{"start":{"line":335,"column":12},"end":{"line":335,"column":60}},"151":{"start":{"line":336,"column":12},"end":{"line":342,"column":13}},"152":{"start":{"line":337,"column":16},"end":{"line":337,"column":48}},"153":{"start":{"line":338,"column":16},"end":{"line":341,"column":19}},"154":{"start":{"line":339,"column":20},"end":{"line":339,"column":51}},"155":{"start":{"line":340,"column":20},"end":{"line":340,"column":126}},"156":{"start":{"line":347,"column":4},"end":{"line":353,"column":7}},"157":{"start":{"line":348,"column":8},"end":{"line":348,"column":59}},"158":{"start":{"line":348,"column":50},"end":{"line":348,"column":57}},"159":{"start":{"line":349,"column":8},"end":{"line":350,"column":40}},"160":{"start":{"line":352,"column":8},"end":{"line":352,"column":51}},"161":{"start":{"line":352,"column":24},"end":{"line":352,"column":49}},"162":{"start":{"line":355,"column":4},"end":{"line":377,"column":5}},"163":{"start":{"line":356,"column":8},"end":{"line":356,"column":41}},"164":{"start":{"line":357,"column":8},"end":{"line":376,"column":11}},"165":{"start":{"line":358,"column":12},"end":{"line":358,"column":26}},"166":{"start":{"line":359,"column":12},"end":{"line":359,"column":46}},"167":{"start":{"line":360,"column":12},"end":{"line":363,"column":13}},"168":{"start":{"line":361,"column":16},"end":{"line":361,"column":47}},"169":{"start":{"line":362,"column":16},"end":{"line":362,"column":86}},"170":{"start":{"line":364,"column":12},"end":{"line":375,"column":13}},"171":{"start":{"line":365,"column":16},"end":{"line":371,"column":19}},"172":{"start":{"line":366,"column":20},"end":{"line":366,"column":93}},"173":{"start":{"line":366,"column":68},"end":{"line":366,"column":91}},"174":{"start":{"line":367,"column":20},"end":{"line":367,"column":49}},"175":{"start":{"line":368,"column":20},"end":{"line":370,"column":21}},"176":{"start":{"line":369,"column":24},"end":{"line":369,"column":47}},"177":{"start":{"line":372,"column":16},"end":{"line":374,"column":17}},"178":{"start":{"line":373,"column":20},"end":{"line":373,"column":81}},"179":{"start":{"line":379,"column":4},"end":{"line":387,"column":5}},"180":{"start":{"line":380,"column":8},"end":{"line":380,"column":41}},"181":{"start":{"line":381,"column":8},"end":{"line":386,"column":11}},"182":{"start":{"line":382,"column":12},"end":{"line":382,"column":52}},"183":{"start":{"line":383,"column":12},"end":{"line":383,"column":46}},"184":{"start":{"line":384,"column":12},"end":{"line":384,"column":43}},"185":{"start":{"line":385,"column":12},"end":{"line":385,"column":82}},"186":{"start":{"line":389,"column":4},"end":{"line":410,"column":5}},"187":{"start":{"line":390,"column":8},"end":{"line":390,"column":34}},"188":{"start":{"line":391,"column":8},"end":{"line":409,"column":11}},"189":{"start":{"line":392,"column":12},"end":{"line":400,"column":13}},"190":{"start":{"line":393,"column":16},"end":{"line":393,"column":70}},"191":{"start":{"line":394,"column":19},"end":{"line":400,"column":13}},"192":{"start":{"line":395,"column":16},"end":{"line":395,"column":110}},"193":{"start":{"line":396,"column":19},"end":{"line":400,"column":13}},"194":{"start":{"line":397,"column":16},"end":{"line":397,"column":55}},"195":{"start":{"line":399,"column":16},"end":{"line":399,"column":50}},"196":{"start":{"line":401,"column":12},"end":{"line":401,"column":58}},"197":{"start":{"line":402,"column":12},"end":{"line":408,"column":13}},"198":{"start":{"line":403,"column":16},"end":{"line":403,"column":48}},"199":{"start":{"line":404,"column":16},"end":{"line":407,"column":19}},"200":{"start":{"line":405,"column":20},"end":{"line":405,"column":51}},"201":{"start":{"line":406,"column":20},"end":{"line":406,"column":125}},"202":{"start":{"line":412,"column":4},"end":{"line":455,"column":5}},"203":{"start":{"line":413,"column":8},"end":{"line":413,"column":34}},"204":{"start":{"line":414,"column":8},"end":{"line":454,"column":11}},"205":{"start":{"line":415,"column":12},"end":{"line":415,"column":38}},"206":{"start":{"line":416,"column":12},"end":{"line":420,"column":64}},"207":{"start":{"line":416,"column":43},"end":{"line":416,"column":57}},"208":{"start":{"line":417,"column":17},"end":{"line":420,"column":64}},"209":{"start":{"line":417,"column":49},"end":{"line":417,"column":64}},"210":{"start":{"line":418,"column":17},"end":{"line":420,"column":64}},"211":{"start":{"line":418,"column":47},"end":{"line":418,"column":60}},"212":{"start":{"line":419,"column":17},"end":{"line":420,"column":64}},"213":{"start":{"line":419,"column":44},"end":{"line":419,"column":57}},"214":{"start":{"line":420,"column":17},"end":{"line":420,"column":64}},"215":{"start":{"line":420,"column":49},"end":{"line":420,"column":62}},"216":{"start":{"line":422,"column":12},"end":{"line":430,"column":13}},"217":{"start":{"line":423,"column":16},"end":{"line":423,"column":36}},"218":{"start":{"line":425,"column":16},"end":{"line":428,"column":17}},"219":{"start":{"line":427,"column":20},"end":{"line":427,"column":27}},"220":{"start":{"line":429,"column":16},"end":{"line":429,"column":24}},"221":{"start":{"line":432,"column":12},"end":{"line":436,"column":13}},"222":{"start":{"line":433,"column":16},"end":{"line":433,"column":71}},"223":{"start":{"line":435,"column":16},"end":{"line":435,"column":53}},"224":{"start":{"line":438,"column":12},"end":{"line":443,"column":14}},"225":{"start":{"line":445,"column":12},"end":{"line":445,"column":51}},"226":{"start":{"line":447,"column":12},"end":{"line":453,"column":13}},"227":{"start":{"line":448,"column":16},"end":{"line":448,"column":48}},"228":{"start":{"line":449,"column":16},"end":{"line":452,"column":19}},"229":{"start":{"line":450,"column":20},"end":{"line":450,"column":51}},"230":{"start":{"line":451,"column":20},"end":{"line":451,"column":138}},"231":{"start":{"line":457,"column":4},"end":{"line":457,"column":38}},"232":{"start":{"line":458,"column":4},"end":{"line":495,"column":7}},"233":{"start":{"line":459,"column":8},"end":{"line":459,"column":39}},"234":{"start":{"line":460,"column":8},"end":{"line":494,"column":9}},"235":{"start":{"line":462,"column":12},"end":{"line":473,"column":62}},"236":{"start":{"line":463,"column":16},"end":{"line":463,"column":45}},"237":{"start":{"line":464,"column":16},"end":{"line":471,"column":17}},"238":{"start":{"line":465,"column":20},"end":{"line":465,"column":38}},"239":{"start":{"line":466,"column":20},"end":{"line":470,"column":21}},"240":{"start":{"line":467,"column":24},"end":{"line":467,"column":46}},"241":{"start":{"line":469,"column":24},"end":{"line":469,"column":43}},"242":{"start":{"line":472,"column":16},"end":{"line":472,"column":40}},"243":{"start":{"line":476,"column":12},"end":{"line":493,"column":15}},"244":{"start":{"line":477,"column":16},"end":{"line":477,"column":30}},"245":{"start":{"line":478,"column":16},"end":{"line":491,"column":17}},"246":{"start":{"line":479,"column":20},"end":{"line":481,"column":21}},"247":{"start":{"line":480,"column":24},"end":{"line":480,"column":30}},"248":{"start":{"line":482,"column":20},"end":{"line":482,"column":49}},"249":{"start":{"line":483,"column":20},"end":{"line":490,"column":21}},"250":{"start":{"line":484,"column":24},"end":{"line":484,"column":41}},"251":{"start":{"line":485,"column":24},"end":{"line":489,"column":25}},"252":{"start":{"line":486,"column":28},"end":{"line":486,"column":50}},"253":{"start":{"line":488,"column":28},"end":{"line":488,"column":47}},"254":{"start":{"line":497,"column":4},"end":{"line":509,"column":5}},"255":{"start":{"line":498,"column":8},"end":{"line":498,"column":33}},"256":{"start":{"line":500,"column":8},"end":{"line":508,"column":11}},"257":{"start":{"line":501,"column":12},"end":{"line":502,"column":43}},"258":{"start":{"line":503,"column":12},"end":{"line":507,"column":13}},"259":{"start":{"line":504,"column":16},"end":{"line":504,"column":141}},"260":{"start":{"line":506,"column":16},"end":{"line":506,"column":139}},"261":{"start":{"line":511,"column":4},"end":{"line":523,"column":5}},"262":{"start":{"line":512,"column":8},"end":{"line":512,"column":36}},"263":{"start":{"line":514,"column":8},"end":{"line":522,"column":11}},"264":{"start":{"line":515,"column":12},"end":{"line":516,"column":43}},"265":{"start":{"line":517,"column":12},"end":{"line":521,"column":13}},"266":{"start":{"line":518,"column":16},"end":{"line":518,"column":141}},"267":{"start":{"line":520,"column":16},"end":{"line":520,"column":139}},"268":{"start":{"line":525,"column":4},"end":{"line":532,"column":5}},"269":{"start":{"line":526,"column":8},"end":{"line":526,"column":33}},"270":{"start":{"line":527,"column":8},"end":{"line":531,"column":11}},"271":{"start":{"line":528,"column":12},"end":{"line":528,"column":31}},"272":{"start":{"line":528,"column":22},"end":{"line":528,"column":29}},"273":{"start":{"line":529,"column":12},"end":{"line":530,"column":46}},"274":{"start":{"line":529,"column":33},"end":{"line":529,"column":75}},"275":{"start":{"line":530,"column":19},"end":{"line":530,"column":44}},"276":{"start":{"line":535,"column":0},"end":{"line":541,"column":1}},"277":{"start":{"line":536,"column":4},"end":{"line":540,"column":7}},"278":{"start":{"line":537,"column":8},"end":{"line":538,"column":39}},"279":{"start":{"line":537,"column":14},"end":{"line":537,"column":21}},"280":{"start":{"line":538,"column":20},"end":{"line":538,"column":37}},"281":{"start":{"line":539,"column":8},"end":{"line":539,"column":23}},"282":{"start":{"line":543,"column":0},"end":{"line":546,"column":2}},"283":{"start":{"line":548,"column":0},"end":{"line":556,"column":1}},"284":{"start":{"line":549,"column":4},"end":{"line":552,"column":5}},"285":{"start":{"line":550,"column":8},"end":{"line":550,"column":68}},"286":{"start":{"line":551,"column":8},"end":{"line":551,"column":24}},"287":{"start":{"line":553,"column":4},"end":{"line":553,"column":45}},"288":{"start":{"line":554,"column":4},"end":{"line":554,"column":66}},"289":{"start":{"line":555,"column":4},"end":{"line":555,"column":64}},"290":{"start":{"line":558,"column":0},"end":{"line":568,"column":1}},"291":{"start":{"line":559,"column":4},"end":{"line":559,"column":11}},"292":{"start":{"line":564,"column":4},"end":{"line":564,"column":42}},"293":{"start":{"line":565,"column":4},"end":{"line":565,"column":35}},"294":{"start":{"line":566,"column":4},"end":{"line":566,"column":27}},"295":{"start":{"line":567,"column":4},"end":{"line":567,"column":21}}},"branchMap":{"1":{"line":21,"type":"binary-expr","locations":[{"start":{"line":21,"column":20},"end":{"line":21,"column":41}},{"start":{"line":21,"column":45},"end":{"line":21,"column":66}}]},"2":{"line":25,"type":"if","locations":[{"start":{"line":25,"column":4},"end":{"line":25,"column":4}},{"start":{"line":25,"column":4},"end":{"line":25,"column":4}}]},"3":{"line":26,"type":"if","locations":[{"start":{"line":26,"column":4},"end":{"line":26,"column":4}},{"start":{"line":26,"column":4},"end":{"line":26,"column"
[...]
| '(anonymous)', callSite.file, callSite.line);","                });","            }","        });","    }","","    // remove cluster workers from child process list","    clusterWorkers.forEach(function (p) {","        if (!p.__worker || !p.__worker.process) { return; }","        var cw = p.__worker.process,","            idx = processes.indexOf(cw);","","        if (idx > -1) { processes.splice(idx, 1); }","    });","","    if (processes.length) {","        console.log('- Child processes');","        processes.forEach(function (cp) {","            var fds = [ ];","            console.log('  - PID %s', cp.pid);","            if (!DONT_INSTRUMENT['ChildProcess']) {","                var callSite = getCallsite(cp);","                console.log('    - Entry point: %s:%d', callSite.file, callSite.line);","            }","            if (cp.stdio && cp.stdio.length) {","                cp.stdio.forEach(function (s) {","                    if (s && s._handle && (s._handle.fd != null)) { fds.push(s._handle.fd); }","                    var idx = sockets.indexOf(s);","                    if (idx > -1) {","                        sockets.splice(idx, 1);","                    }","                });","                if (fds && fds.length) {","                    console.log('    - STDIO file descriptors:', fds.join(', '));","                }","            }","        });","    }","","    if (clusterWorkers.length) {","        console.log('- Cluster workers');","        clusterWorkers.forEach(function (cw) {","            var fds = [ ], cp = cw.__worker.process;","            console.log('  - PID %s', cp.pid);","            var callSite = getCallsite(cw);","            console.log('    - Entry point: %s:%d', callSite.file, callSite.line);","        });","    }","","    if (sockets.length) {","        console.log('- Sockets:');","        sockets.forEach(function (s) {","            if (s.destroyed) {","                console.log('  - (?:?) -> %s:? (destroyed)', s._host);","            } else if (s.localAddress) {","                console.log('  - %s:%s -> %s:%s', s.localAddress, s.localPort, s.remoteAddress, s.remotePort);","            } else if (s._handle && (s._handle.fd != null)) {","                console.log('  - fd %s', s._handle.fd);","            } else {","                console.log('  - unknown socket');","            }","            var connectListeners = s.listeners('connect');","            if (connectListeners && connectListeners.length) {","                console.log('    - Listeners:');","                connectListeners.forEach(function (fn) {","                    var callSite = getCallsite(fn);","                    console.log('      - %s: %s @ %s:%d', 'connect', fn.name || '(anonymous)', callSite.file, callSite.line);","                });","            }","        });","    }","","    if (servers.length) {","        console.log('- Servers:');","        servers.forEach(function (s) {","            var type = 'unknown type';","            if (s instanceof HttpServer) { type = 'HTTP'; }","            else if (s instanceof HttpsServer) { type = 'HTTPS'; }","            else if (s instanceof TlsServer) { type = 'TLS'; }","            else if (s instanceof Server) { type = 'TCP'; }","            else if (s instanceof dgramSocket) { type = 'UDP'; }","","            try {","                var a = s.address();","            } catch (e) {","                if (type === 'UDP') {","                    // udp sockets that haven't been bound will throw, but won't prevent exit","                    return;","                }","                throw e;","            }","","            if (a) {","                console.log('  - %s:%s (%s)', a.address, a.port, type);","            } else {","                console.log('  - <unknown address>'); // closed / race condition?","            }","","            var eventType = (","              type === 'HTTP' || type === 'HTTPS' ? 'request' :","              type === 'TCP' || type === 'TLS' ? 'connection' :","              type === 'UDP' ? 'message' :","              'connection'","            );","","            var listeners = s.listeners(eventType);","","            if (listeners && listeners.length) {","                console.log('    - Listeners:');","                listeners.forEach(function (fn) {","                    var callSite = getCallsite(fn);","                    console.log('      - %s: %s @ %s:%d', eventType, fn.__name || fn.name || '(anonymous)', callSite.file, callSite.line);","                });","            }","        });","    }","","    var timers = [ ], intervals = [ ];","    _timers.forEach(function (t) {","        var timer = t._list, cb, cbkey;","        if (t._list) {","            // node v5ish behavior","            do {","                cbkey = timerCallback(timer);","                if (cbkey && timers.indexOf(timer) === -1) {","                    cb = timer[cbkey];","                    if (cb.__isInterval || cbkey === '_repeat') {","                        intervals.push(timer);","                    } else {","                        timers.push(timer);","                    }","                }","                timer = timer._idleNext;","            } while (!timer.constructor || timer !== t._list);","        } else {","            // node 0.12ish behavior","            _timers.forEach(function (t) {","                var timer = t;","                while ((timer = timer._idleNext)) {","                    if (timer === t) {","                        break;","                    }","                    cbkey = timerCallback(timer);","                    if (cbkey && timers.indexOf(timer) === -1) {","                        cb = timer[cbkey]","                        if (cb.__isInterval) {","                            intervals.push(timer);","                        } else {","                            timers.push(timer);","                        }","                    }","                }","","            });","        }","    });","","    if (timers.length) {","        console.log('- Timers:');","","        timers.forEach(function (t) {","            var fn = t[timerCallback(t)],","                callSite = getCallsite(fn);","            if (fn.__name) {","                console.log('  - (%d ~ %s) %s @ %s:%d', t._idleTimeout, formatTime(t._idleTimeout), fn.__name, callSite.file, callSite.line);","            } else {","                console.log('  - (%d ~ %s) %s @ %s:%d', t._idleTimeout, formatTime(t._idleTimeout), fn.name, callSite.file, callSite.line);","            }","        });","    }","","    if (intervals.length) {","        console.log('- Intervals:');","","        intervals.forEach(function (t) {","            var fn = t[timerCallback(t)],","                callSite = getCallsite(fn);","            if (fn.__name) {","                console.log('  - (%d ~ %s) %s @ %s:%d', t._idleTimeout, formatTime(t._idleTimeout), fn.__name, callSite.file, callSite.line);","            } else {","                console.log('  - (%d ~ %s) %s @ %s:%d', t._idleTimeout, formatTime(t._idleTimeout), fn.name, callSite.file, callSite.line);","            }","        });","    }","","    if (other.length) {","        console.log('- Others:');","        other.forEach(function (o) {","            if (!o) { return; }","            if (o.constructor) { console.log('  - %s', o.constructor.name); }","            else { console.log('  - %s', o); }","        });","    }","}","","function init() {","    process.on('SIGINT', function () {","        try { dump(); }","        catch (e) { console.error(e); }","        process.exit();","    });","}","","module.exports = {","    dump: dump,","    init: init","};","","function parseArgs() {","    if (process.argv.length < 3) {","        console.error('Usage: wtfnode <yourscript> <yourargs> ...');","        process.exit(1);","    }","    var moduleParams = process.argv.slice(3);","    var modulePath = path.resolve(process.cwd(), process.argv[2]);","    return [].concat(process.argv[0], modulePath, moduleParams);","}","","if (module === require.main) {","    init();","    // The goal here is to invoke the given module in a form that is as","    // identical as possible to invoking `node <the_module>` directly.","    // This means massaging process.argv and using Module.runMain to convince","    // the module that it is the 'main' module.","    var newArgv = parseArgs(process.argv);","    var Module = require('module');","    process.argv = newArgv;","    Module.runMain();","}",""],"l":{"6":1,"18":3,"20":1,"24":1,"25":31,"26":31,"27":7,"31":1,"32":1,"33":648,"35":1,"37":648,"38":648,"39":648,"40":5745,"45":648,"46":648,"50":1,"51":423,"57":3239,"61":179,"64":244,"72":1,"73":1,"74":509,"76":509,"79":125,"80":125,"84":223,"88":509,"91":509,"92":1703,"93":1703,"100":509,"101":284,"128":509,"131":1,"132":1,"133":2,"134":2,"135":0,"136":0,"138":0,"139":0,"140":0,"141":0,"144":0,"147":1,"148":1,"150":1,"151":1,"152":1,"154":1,"156":1,"157":117,"158":117,"159":21,"169":117,"173":1,"175":349,"176":698,"178":349,"179":349,"186":349,"193":349,"203":349,"206":1,"207":160,"208":320,"210":160,"211":160,"212":160,"213":125,"215":160,"216":160,"226":160,"232":1,"234":1,"235":1,"236":1,"237":1,"238":1,"239":1,"240":1,"242":1,"243":1,"245":1,"247":0,"248":0,"251":1,"254":1,"255":1,"256":1,"257":1,"261":1,"262":1,"278":1,"282":1,"283":12,"287":34,"288":12,"291":1,"292":1,"293":40,"294":26,"295":26,"296":26,"298":26,"300":14,"303":1,"304":1,"307":1,"308":1,"309":36,"312":19,"313":16,"315":17,"316":16,"317":14,"318":7,"319":2,"322":1,"325":1,"326":1,"327":1,"328":3,"329":3,"330":3,"331":3,"332":3,"335":3,"336":3,"337":1,"338":1,"339":1,"340":1,"347":1,"348":1,"349":1,"352":1,"355":1,"356":1,"357":1,"358":4,"359":4,"360":4,"361":4,"362":4,"364":4,"365":4,"366":13,"367":13,"368":13,"369":3,"372":4,"373":1,"379":1,"380":1,"381":1,"382":1,"383":1,"384":1,"385":1,"389":1,"390":1,"391":1,"392":13,"393":0,"394":13,"395":13,"396":0,"397":0,"399":0,"401":13,"402":13,"403":7,"404":7,"405":19,"406":19,"412":1,"413":1,"414":1,"415":3,"416":3,"417":2,"418":2,"419":2,"420":2,"422":3,"423":3,"425":1,"427":1,"429":0,"432":2,"433":2,"435":0,"438":2,"445":2,"447":2,"448":2,"449":2,"450":3,"451":3,"457":1,"458":1,"459":7,"460":7,"462":7,"463":19,"464":19,"465":12,"466":12,"467":0,"469":12,"472":19,"476":0,"477":0,"478":0,"479":0,"480":0,"482":0,"483":0,"484":0,"485":0,"486":0,"488":0,"497":1,"498":1,"500":1,"501":12,"503":12,"504":0,"506":12,"511":1,"512":0,"514":0,"515":0,"517":0,"518":0,"520":0,"525":1,"526":1,"527":1,"528":1,"529":1,"530":0,"535":1,"536":0,"537":0,"538":0,"539":0,"543":1,"548":1,"549":0,"550":0,"551":0,"553":0,"554":0,"555":0,"558":1,"559":0,"564":0,"565":0,"566":0,"567":0}},"/home/travis/build/npmtest/node-npmtest-wtfnode/node_modules/wtfnode/clustertest.js":{"path":"/home/travis/build/npmtest/node-npmtest-wtfnode/node_modules/wtfnode/clustertest.js","s":{"1":1,"2":1,"3":1,"4":1,"5":1,"6":1},"b":{"1":[1,0]},"f":{"1":1},"fnMap":{"1":{"name":"(anonymous_1)","line":8,"loc":{"start":{"line":8,"column":24},"end":{"line":8,"column":36}}}},"statementMap":{"1":{"start":{"line":3,"column":0},"end":{"line":4,"column":33}},"2":{"start":{"line":6,"column":0},"end":{"line":12,"column":1}},"3":{"start":{"line":7,"column":4},"end":{"line":7,"column":32}},"4":{"start":{"line":8,"column":4},"end":{"line":11,"column":7}},"5":{"start":{"line":9,"column":8},"end":{"line":9,"column":19}},"6":{"start":{"line":10,"column":8},"end":{"line":10,"column":22}}},"branchMap":{"1":{"line":6,"type":"if","locations":[{"start":{"line":6,"column":0},"end":{"line":6,"column":0}},{"start":{"line":6,"column":0},"end":{"line":6,"column":0}}]}},"code":["'use strict';","","var wtf = require('./index'),","    cluster = require('cluster');","","if (cluster.isMaster) {","    var worker = cluster.fork();","    worker.on('online', function () {","        wtf.dump();","        worker.kill();","    });","}"],"l":{"3":1,"6":1,"7":1,"8":1,"9":1,"10":1}},"/home/travis/build/npmtest/node-npmtest-wtfnode/node_modules/wtfnode/kitchensink.js":{"path":"/home/travis/build/npmtest/node-npmtest-wtfnode/node_modules/wtfnode/kitchensink.js","s":{"1":1,"2":1,"3":1,"4":1,"5":1,"6":1,"7":1,"8":1,"9":1,"10":1,"11":1,"12":0,"13":0,"14":0,"15":0,"16":0,"17":0,"18":0,"19":0,"20":1,"21":1,"22":1,"23":1,"24":1,"25":1,"26":1,"27":1},"b":{},"f":{"1":14,"2":1,"3":1,"4":1,"5":0,"6":0,"7":0,"8":0,"9":0,"10":0,"11":0,"12":0,"13":1},"fnMap":{"1":{"name":"foo","line":14,"loc":{"start":{"line":14,"column":0},"end":{"line":14,"column":15}}},"2":{"name":"doStuff","line":16,"loc":{"start":{"line":16,"column":0},"end":{"line":16,"column":19}}},"3":{"name":"inlineNamed","line":20,"loc":{"start":{"line":20,"column":13},"end":{"line":20,"column":36}}},"4":{"name":"(anonymous_4)","line":21,"loc":{"start":{"line":21,"column":13},"end":{"line":21,"column":25}}},"5":{"name":"httpRequestListener","line":24,"loc":{"start":{"line":24,"column":37},"end":{"line":24,"column":68}}},"6":{"name":"httpsRequestListener","line":29,"loc":{"start":{"line":29,"column":5},"end":{"line":29,"column":37}}},"7":{"name":"netConnectionListener","line":31,"loc":{"start":{"line":31,"column":35},"end":{"line":31,"column":68}}},"8":{"name":"netListenListener","line":32,"loc":{"start":{"line":32,"column":14},"end":{"line":32,"column":43}}},"9":{"name":"tlsConnectionListener","line":37,"loc":{"start":{"line":37,"column":5},"end":{"line":37,"column":38}}},"10":{"name":"tlsListenListener","line":38,"loc":{"start":{"line":38,"column":14},"end":{"line":38,"column":43}}},"11":{"name":"udpMessageListener","line":61,"loc":{"start":{"line":61,"column":24},"end":{"line":61,"column":54}}},"12":{"name":"onceHandler","line":62,"loc":{"start":{"line":62,"column":26},"end":{"line":62,"column":49}}},"13":{"name":"(anonymous_13)","line":63,"loc":{"start":{"line":63,"column":26},"end":{"line":63,"column":38}}}},"statementMap":{"1":{"start":{"line":1,"column":0},"end":{"line":1,"column":29}},"2":{"start":{"line":3,"column":0},"end":{"line":3,"column":31}},"3":{"start":{"line":4,"column":4},"end":{"line":12,"column":25}},"4":{"start":{"line":14,"column":0},"end":{"line":14,"column":18}},"5":{"start":{"line":16,"column":0},"end":{"line":52,"column":1}},"6":{"start":{"line":18,"column":2},"end":{"line":18,"column":24}},"7":{"start":{"line":19,"column":2},"end":{"line":19,"column":25}},"8":{"start":{"line":20,"column":2},"end":{"line":20,"column":47}},"9":{"start":{"line":21,"column":2},"end":{"line":21,"column":36}},"10":{"start":{"line":24,"column":2},"end":{"line":24,"column":82}},"11":{"start":{"line":26,"column":2},"end":{"line":29,"column":51}},"12":{"start":{"line":31,"column":2},"end":{"line":32,"column":48}},"13":{"start":{"line":34,"column":2},"end":{"line":38,"column":48}},"14":{"start":{"line":40,"column":2},"end":{"line":40,"column":22}},"15":{"start":{"line":41,"column":2},"end":{"line":41,"column":21}},"16":{"start":{"line":43,"column":2},"end":{"line":46,"column":5}},"17":{"start":{"line":48,"column":2},"end":{"line":48,"column":13}},"18":{"start":{"line":50,"column":2},"end":{"line":50,"column":53}},"19":{"start":{"line":51,"column":2},"end":{"line":51,"column":17}},"20":{"start":{"line":55,"column":0},"end":{"line":55,"column":27}},"21":{"start":{"line":58,"column":0},"end":{"line":58,"column":50}},"22":{"start":{"line":60,"column":0},"end":{"line":60,"column":43}},"23":{"start":{"line":61,"column":0},"end":{"line":61,"column":59}},"24":{"start":{"line":62,"column":0},"end":{"line":62,"column":54}},"25":{"start":{"line":63,"column":0},"end":{"line":66,"column":3}},"26":{"start":{"line":65,"column":2},"end":{"line":65,"column":58}},"27":{"start":{"line":68,"column":0},"end":{"line":68,"column":17}}},"branchMap":{},"code":["var wtf = require('./index');","","var assert = require('assert');","    cp = require('child_process'),","    dgram = require('dgram'),","    EventEmitter = require('events'),","    fs = require('fs'),","    http = require('http'),","    https = require('https'),","    net = require('net'),","    readline = require('readline'),","    tls = require('tls');","","function foo() { };","","function doStuff() {","  // timers","  setTimeout(foo, 1000);","  setInterval(foo, 1000);","  setTimeout(function inlineNamed() { }, 1000);","  setTimeout(function () { }, 1000);","","  // servers","  var httpServer = http.createServer(function httpRequestListener() { }).listen();","","  var httpsServer = https.createServer({","      key: fs.readFileSync('./key.pem'),","      cert: fs.readFileSync('./key-cert.pem')","  }, function httpsRequestListener() { }).listen();","","  var tcpServer = net.createServer(function netConnectionListener() { })","      .listen(function netListenListener() { });","","  var tlsServer = tls.createServer({","      key: fs.readFileSync('./key.pem'),","      cert: fs.readFileSync('./key-cert.pem')","  }, function tlsConnectionListener() { })","      .listen(function tlsListenListener() { });","","  http.createServer();","  net.createServer();","","  readline.createInterface({","    input: process.stdin,","    output: process.stdout","  });","","  wtf.dump();","","  console.error('Argv[2..]:', process.argv.slice(2));","  process.exit();","}","","// child processes","var proc = cp.spawn('cat');","","// udp servers","var unboundUdpServer = dgram.createSocket('udp4');","","var udpServer = dgram.createSocket('udp4');","udpServer.on('message', function udpMessageListener() { });","udpServer.once('message', function onceHandler() { });","udpServer.on('listening', function () {","  // open socket","  var socket = net.connect(80, 'www.google.com', doStuff);","});","","udpServer.bind();",""],"l":{"1":1,"3":1,"4":1,"14":1,"16":1,"18":1,"19":1,"20":1,"21":1,"24":1,"26":1,"31":0,"34":0,"40":0,"41":0,"43":0,"48":0,"50":0,"51":0,"55":1,"58":1,"60":1,"61":1,"62":1,"63":1,"65":1,"68":1}},"/home/travis/build/npmtest/node-npmtest-wtfnode/node_modules/wtfnode/proxy.js":{"path":"/home/travis/build/npmtest/node-npmtest-wtfnode/node_modules/wtfnode/proxy.js","s":{"1":1,"2":1,"3":1,"4":1,"5":1,"6":0,"7":0,"8":0,"9":0,"10":0},"b":{"1":[0,0]},"f":{"1":0},"fnMap":{"1":{"name":"(anonymous_1)","line":18,"loc":{"start":{"line":18,"column":21},"end":{"line":18,"column":33}}}},"statementMap":{"1":{"start":{"line":9,"column":0},"end":{"line":9,"column":34}},"2":{"start":{"line":10,"column":0},"end":{"line":10,"column":27}},"3":{"start":{"line":12,"column":0},"end":{"line":15,"column":3}},"4":{"start":{"line":17,"column":0},"end":{"line":17,"column":14}},"5":{"start":{"line":18,"column":0},"end":{"line":25,"column":3}},"6":{"start":{"line":19,"column":4},"end":{"line":19,"column":12}},"7":{"start":{"line":20,"column":4},"end":{"line":24,"column":5}},"8":{"start":{"line":21,"column":8},"end":{"line":21,"column":79}},"9":{"start":{"line":22,"column":8},"end":{"line":22,"column":21}},"10":{"start":{"line":23,"column":8},"end":{"line":23,"column":24}}},"branchMap":{"1":{"line":20,"type":"if","locations":[{"start":{"line":20,"column":4},"end":{"line":20,"column":4}},{"start":{"line":20,"column":4},"end":{"line":20,"column":4}}]}},"code":["//#!/usr/bin/env node","","'use strict';","","// When binding a SIGINT handler, Node will no longer be able to exit infinite loops","// To counteract this, we spawn the \"wtf'ed\" module as a child and create a provision","// to kill the process if it's unresponsive (double Ctrl+C)","","var cp = require('child_process');","var PATH = require('path');","","var child = cp.fork(PATH.join(__dirname, 'index.js'), process.argv.slice(2), {","    cwd: process.cwd(),","    env: process.env","});","","var count = 0;","process.on('SIGINT', function () {","    count++;","    if (count > 1) {","        console.error('Forcefully terminating, unable to gather process info');","        child.kill();","        process.exit(1);","    }","});",""],"l":{"9":1,"10":1,"12":1,"17":1,"18":1,"19":0,"20":0,"21":0,"22":0,"23":0}}}